2023-03-22 15:05:01,604:WARNING:
'cuml' is a soft dependency and not included in the pycaret installation. Please run: `pip install cuml` to install.
2023-03-22 15:05:01,604:WARNING:
'cuml' is a soft dependency and not included in the pycaret installation. Please run: `pip install cuml` to install.
2023-03-22 15:05:01,604:WARNING:
'cuml' is a soft dependency and not included in the pycaret installation. Please run: `pip install cuml` to install.
2023-03-22 15:05:01,604:WARNING:
'cuml' is a soft dependency and not included in the pycaret installation. Please run: `pip install cuml` to install.
2023-03-22 15:05:02,927:WARNING:
'prophet' is a soft dependency and not included in the pycaret installation. Please run: `pip install prophet` to install.
2023-03-22 15:05:03,120:INFO:Initializing load_model()
2023-03-22 15:05:03,120:INFO:load_model(model_name=cnt_bikes, platform=None, authentication=None, verbose=True)
2023-03-22 15:17:53,055:INFO:Initializing load_model()
2023-03-22 15:17:53,056:INFO:load_model(model_name=cnt_bikes, platform=None, authentication=None, verbose=True)
2023-03-22 15:27:36,233:INFO:Initializing load_model()
2023-03-22 15:27:36,235:INFO:load_model(model_name=cnt_bikes, platform=None, authentication=None, verbose=True)
2023-03-22 15:59:55,811:INFO:Initializing load_model()
2023-03-22 15:59:55,812:INFO:load_model(model_name=cnt_bikes, platform=None, authentication=None, verbose=True)
2023-03-22 16:00:29,708:INFO:Initializing load_model()
2023-03-22 16:00:29,709:INFO:load_model(model_name=cnt_bikes, platform=None, authentication=None, verbose=True)
2023-03-22 16:01:08,795:INFO:Initializing load_model()
2023-03-22 16:01:08,796:INFO:load_model(model_name=cnt_bikes, platform=None, authentication=None, verbose=True)
2023-03-22 16:01:17,877:INFO:Initializing load_model()
2023-03-22 16:01:17,877:INFO:load_model(model_name=cnt_bikes, platform=None, authentication=None, verbose=True)
2023-03-22 16:01:51,400:INFO:Initializing load_model()
2023-03-22 16:01:51,401:INFO:load_model(model_name=cnt_bikes, platform=None, authentication=None, verbose=True)
2023-03-22 16:02:12,091:INFO:Initializing load_model()
2023-03-22 16:02:12,091:INFO:load_model(model_name=cnt_bikes, platform=None, authentication=None, verbose=True)
2023-03-22 16:03:21,424:INFO:Initializing load_model()
2023-03-22 16:03:21,426:INFO:load_model(model_name=cnt_bikes, platform=None, authentication=None, verbose=True)
2023-03-22 16:06:05,358:INFO:Initializing load_model()
2023-03-22 16:06:05,359:INFO:load_model(model_name=cnt_bikes, platform=None, authentication=None, verbose=True)
2023-03-22 16:08:01,235:INFO:Initializing load_model()
2023-03-22 16:08:01,236:INFO:load_model(model_name=cnt_bikes, platform=None, authentication=None, verbose=True)
2023-03-22 16:08:24,927:INFO:Initializing load_model()
2023-03-22 16:08:24,927:INFO:load_model(model_name=cnt_bikes, platform=None, authentication=None, verbose=True)
2023-03-22 16:09:35,974:INFO:Initializing load_model()
2023-03-22 16:09:35,975:INFO:load_model(model_name=cnt_bikes, platform=None, authentication=None, verbose=True)
2023-03-22 16:10:32,844:INFO:Initializing load_model()
2023-03-22 16:10:32,845:INFO:load_model(model_name=cnt_bikes, platform=None, authentication=None, verbose=True)
2023-03-22 16:11:19,050:INFO:Initializing load_model()
2023-03-22 16:11:19,050:INFO:load_model(model_name=cnt_bikes, platform=None, authentication=None, verbose=True)
2023-03-22 16:11:42,076:INFO:Initializing load_model()
2023-03-22 16:11:42,076:INFO:load_model(model_name=cnt_bikes, platform=None, authentication=None, verbose=True)
2023-03-22 16:13:09,211:INFO:Initializing load_model()
2023-03-22 16:13:09,212:INFO:load_model(model_name=cnt_bikes, platform=None, authentication=None, verbose=True)
2023-03-22 16:14:23,543:INFO:Initializing load_model()
2023-03-22 16:14:23,543:INFO:load_model(model_name=cnt_bikes, platform=None, authentication=None, verbose=True)
2023-03-22 16:15:33,609:INFO:Initializing load_model()
2023-03-22 16:15:33,611:INFO:load_model(model_name=cnt_bikes, platform=None, authentication=None, verbose=True)
2023-03-22 16:23:33,363:INFO:Initializing load_model()
2023-03-22 16:23:33,365:INFO:load_model(model_name=cnt_bikes, platform=None, authentication=None, verbose=True)
2023-03-22 16:25:04,726:INFO:Initializing load_model()
2023-03-22 16:25:04,727:INFO:load_model(model_name=cnt_bikes, platform=None, authentication=None, verbose=True)
2023-03-22 16:26:56,255:INFO:Initializing load_model()
2023-03-22 16:26:56,256:INFO:load_model(model_name=cnt_bikes, platform=None, authentication=None, verbose=True)
2023-03-22 16:27:39,934:INFO:Initializing load_model()
2023-03-22 16:27:39,935:INFO:load_model(model_name=cnt_bikes, platform=None, authentication=None, verbose=True)
2023-03-22 16:27:48,863:INFO:Initializing load_model()
2023-03-22 16:27:48,865:INFO:load_model(model_name=cnt_bikes, platform=None, authentication=None, verbose=True)
2023-03-22 16:31:21,960:INFO:Initializing load_model()
2023-03-22 16:31:21,961:INFO:load_model(model_name=cnt_bikes, platform=None, authentication=None, verbose=True)
2023-03-22 16:38:13,164:INFO:Initializing load_model()
2023-03-22 16:38:13,165:INFO:load_model(model_name=cnt_bikes, platform=None, authentication=None, verbose=True)
2023-03-22 16:38:37,550:INFO:Initializing load_model()
2023-03-22 16:38:37,550:INFO:load_model(model_name=cnt_bikes, platform=None, authentication=None, verbose=True)
2023-03-22 16:38:59,575:INFO:Initializing load_model()
2023-03-22 16:38:59,576:INFO:load_model(model_name=cnt_bikes, platform=None, authentication=None, verbose=True)
2023-03-22 16:39:28,708:INFO:Initializing load_model()
2023-03-22 16:39:28,708:INFO:load_model(model_name=cnt_bikes, platform=None, authentication=None, verbose=True)
2023-03-22 16:40:22,563:INFO:Initializing load_model()
2023-03-22 16:40:22,564:INFO:load_model(model_name=cnt_bikes, platform=None, authentication=None, verbose=True)
2023-03-22 16:40:34,691:INFO:Initializing load_model()
2023-03-22 16:40:34,692:INFO:load_model(model_name=cnt_bikes, platform=None, authentication=None, verbose=True)
2023-03-22 16:41:20,125:INFO:Initializing load_model()
2023-03-22 16:41:20,126:INFO:load_model(model_name=cnt_bikes, platform=None, authentication=None, verbose=True)
2023-03-22 16:41:32,684:INFO:Initializing load_model()
2023-03-22 16:41:32,684:INFO:load_model(model_name=cnt_bikes, platform=None, authentication=None, verbose=True)
2023-03-22 16:44:33,102:INFO:Initializing load_model()
2023-03-22 16:44:33,102:INFO:load_model(model_name=cnt_bikes, platform=None, authentication=None, verbose=True)
2023-03-22 16:47:13,788:INFO:Initializing load_model()
2023-03-22 16:47:13,789:INFO:load_model(model_name=cnt_bikes, platform=None, authentication=None, verbose=True)
2023-03-22 16:47:29,583:INFO:Initializing load_model()
2023-03-22 16:47:29,583:INFO:load_model(model_name=cnt_bikes, platform=None, authentication=None, verbose=True)
2023-03-22 16:50:26,821:INFO:Initializing load_model()
2023-03-22 16:50:26,821:INFO:load_model(model_name=cnt_bikes, platform=None, authentication=None, verbose=True)
2023-03-22 16:53:28,723:INFO:Initializing load_model()
2023-03-22 16:53:28,725:INFO:load_model(model_name=cnt_bikes, platform=None, authentication=None, verbose=True)
2023-03-22 16:53:42,799:INFO:Initializing load_model()
2023-03-22 16:53:42,800:INFO:load_model(model_name=cnt_bikes, platform=None, authentication=None, verbose=True)
2023-03-22 16:58:22,316:INFO:Initializing load_model()
2023-03-22 16:58:22,317:INFO:load_model(model_name=cnt_bikes, platform=None, authentication=None, verbose=True)
2023-03-22 16:58:32,300:INFO:Initializing load_model()
2023-03-22 16:58:32,300:INFO:load_model(model_name=cnt_bikes, platform=None, authentication=None, verbose=True)
2023-03-22 17:53:55,255:INFO:Initializing load_model()
2023-03-22 17:53:55,260:INFO:load_model(model_name=cnt_bikes, platform=None, authentication=None, verbose=True)
2023-03-22 17:54:15,802:INFO:Initializing load_model()
2023-03-22 17:54:15,802:INFO:load_model(model_name=cnt_bikes, platform=None, authentication=None, verbose=True)
2023-03-22 17:55:32,150:INFO:Initializing load_model()
2023-03-22 17:55:32,152:INFO:load_model(model_name=cnt_bikes, platform=None, authentication=None, verbose=True)
2023-03-22 17:55:40,510:INFO:Initializing load_model()
2023-03-22 17:55:40,511:INFO:load_model(model_name=cnt_bikes, platform=None, authentication=None, verbose=True)
2023-03-22 17:56:13,314:INFO:Initializing load_model()
2023-03-22 17:56:13,316:INFO:load_model(model_name=cnt_bikes, platform=None, authentication=None, verbose=True)
2023-03-22 17:56:54,907:INFO:Initializing load_model()
2023-03-22 17:56:54,909:INFO:load_model(model_name=cnt_bikes, platform=None, authentication=None, verbose=True)
2023-03-22 17:57:50,904:INFO:Initializing load_model()
2023-03-22 17:57:50,907:INFO:load_model(model_name=cnt_bikes, platform=None, authentication=None, verbose=True)
2023-03-22 18:06:09,077:INFO:Initializing load_model()
2023-03-22 18:06:09,078:INFO:load_model(model_name=cnt_bikes, platform=None, authentication=None, verbose=True)
2023-03-22 18:06:23,024:INFO:Initializing load_model()
2023-03-22 18:06:23,024:INFO:load_model(model_name=cnt_bikes, platform=None, authentication=None, verbose=True)
2023-03-22 18:07:40,201:INFO:Initializing load_model()
2023-03-22 18:07:40,202:INFO:load_model(model_name=cnt_bikes, platform=None, authentication=None, verbose=True)
2023-03-22 18:08:00,797:INFO:Initializing load_model()
2023-03-22 18:08:00,798:INFO:load_model(model_name=cnt_bikes, platform=None, authentication=None, verbose=True)
2023-03-22 18:08:06,802:INFO:Initializing load_model()
2023-03-22 18:08:06,803:INFO:load_model(model_name=cnt_bikes, platform=None, authentication=None, verbose=True)
2023-03-22 18:09:06,931:INFO:Initializing load_model()
2023-03-22 18:09:06,932:INFO:load_model(model_name=cnt_bikes, platform=None, authentication=None, verbose=True)
2023-03-22 18:13:26,396:INFO:Initializing load_model()
2023-03-22 18:13:26,397:INFO:load_model(model_name=cnt_bikes, platform=None, authentication=None, verbose=True)
2023-03-22 18:13:40,488:INFO:Initializing load_model()
2023-03-22 18:13:40,489:INFO:load_model(model_name=cnt_bikes, platform=None, authentication=None, verbose=True)
2023-03-22 18:16:38,427:INFO:Initializing load_model()
2023-03-22 18:16:38,429:INFO:load_model(model_name=cnt_bikes, platform=None, authentication=None, verbose=True)
2023-03-22 18:20:57,462:INFO:Initializing load_model()
2023-03-22 18:20:57,466:INFO:load_model(model_name=cnt_bikes, platform=None, authentication=None, verbose=True)
2023-03-22 18:21:46,643:INFO:Initializing load_model()
2023-03-22 18:21:46,643:INFO:load_model(model_name=cnt_bikes, platform=None, authentication=None, verbose=True)
2023-03-22 18:34:34,283:INFO:Initializing load_model()
2023-03-22 18:34:34,284:INFO:load_model(model_name=cnt_bikes, platform=None, authentication=None, verbose=True)
2023-03-22 18:38:12,372:INFO:Initializing load_model()
2023-03-22 18:38:12,374:INFO:load_model(model_name=cnt_bikes, platform=None, authentication=None, verbose=True)
2023-03-22 18:44:29,241:INFO:Initializing load_model()
2023-03-22 18:44:29,242:INFO:load_model(model_name=cnt_bikes, platform=None, authentication=None, verbose=True)
2023-03-22 18:44:53,419:INFO:Initializing load_model()
2023-03-22 18:44:53,420:INFO:load_model(model_name=cnt_bikes, platform=None, authentication=None, verbose=True)
2023-03-22 18:45:23,803:INFO:Initializing load_model()
2023-03-22 18:45:23,804:INFO:load_model(model_name=cnt_bikes, platform=None, authentication=None, verbose=True)
2023-03-22 18:45:56,332:INFO:Initializing load_model()
2023-03-22 18:45:56,333:INFO:load_model(model_name=cnt_bikes, platform=None, authentication=None, verbose=True)
2023-03-22 18:52:57,662:INFO:Initializing load_model()
2023-03-22 18:52:57,666:INFO:load_model(model_name=cnt_bikes, platform=None, authentication=None, verbose=True)
2023-03-22 18:55:23,556:INFO:Initializing load_model()
2023-03-22 18:55:23,557:INFO:load_model(model_name=cnt_bikes, platform=None, authentication=None, verbose=True)
2023-03-22 18:56:16,666:INFO:Initializing load_model()
2023-03-22 18:56:16,667:INFO:load_model(model_name=cnt_bikes, platform=None, authentication=None, verbose=True)
2023-03-22 18:57:46,129:INFO:Initializing load_model()
2023-03-22 18:57:46,132:INFO:load_model(model_name=cnt_bikes, platform=None, authentication=None, verbose=True)
2023-03-22 19:09:19,364:INFO:Initializing load_model()
2023-03-22 19:09:19,368:INFO:load_model(model_name=cnt_bikes, platform=None, authentication=None, verbose=True)
2023-03-22 19:10:13,816:INFO:Initializing load_model()
2023-03-22 19:10:13,816:INFO:load_model(model_name=cnt_bikes, platform=None, authentication=None, verbose=True)
2023-03-22 20:00:08,017:WARNING:
'cuml' is a soft dependency and not included in the pycaret installation. Please run: `pip install cuml` to install.
2023-03-22 20:00:08,017:WARNING:
'cuml' is a soft dependency and not included in the pycaret installation. Please run: `pip install cuml` to install.
2023-03-22 20:00:08,017:WARNING:
'cuml' is a soft dependency and not included in the pycaret installation. Please run: `pip install cuml` to install.
2023-03-22 20:00:08,017:WARNING:
'cuml' is a soft dependency and not included in the pycaret installation. Please run: `pip install cuml` to install.
2023-03-22 20:00:09,355:WARNING:
'prophet' is a soft dependency and not included in the pycaret installation. Please run: `pip install prophet` to install.
2023-03-22 20:00:10,119:INFO:Initializing load_model()
2023-03-22 20:00:10,119:INFO:load_model(model_name=cnt_bikes, platform=None, authentication=None, verbose=True)
2023-03-22 20:11:11,811:INFO:PyCaret Supervised Module
2023-03-22 20:11:11,812:INFO:ML Usecase: regression
2023-03-22 20:11:11,813:INFO:version 2.3.10
2023-03-22 20:11:11,813:INFO:Initializing setup()
2023-03-22 20:11:11,813:INFO:setup(target=cnt, ml_usecase=regression, available_plots={'parameter': 'Hyperparameters', 'residuals': 'Residuals', 'error': 'Prediction Error', 'cooks': 'Cooks Distance', 'rfe': 'Feature Selection', 'learning': 'Learning Curve', 'manifold': 'Manifold Learning', 'vc': 'Validation Curve', 'feature': 'Feature Importance', 'feature_all': 'Feature Importance (All)', 'tree': 'Decision Tree', 'residuals_interactive': 'Interactive Residuals'}, train_size=0.7, test_data=None, preprocess=True, imputation_type=simple, iterative_imputation_iters=5, categorical_features=None, categorical_imputation=constant, categorical_iterative_imputer=lightgbm, ordinal_features=None, high_cardinality_features=None, high_cardinality_method=frequency, numeric_features=None, numeric_imputation=mean, numeric_iterative_imputer=lightgbm, date_features=None, ignore_features=None, normalize=False, normalize_method=zscore, transformation=False, transformation_method=yeo-johnson, handle_unknown_categorical=True, unknown_categorical_method=least_frequent, pca=False, pca_method=linear, pca_components=None, ignore_low_variance=False, combine_rare_levels=False, rare_level_threshold=0.1, bin_numeric_features=None, remove_outliers=False, outliers_threshold=0.05, remove_multicollinearity=False, multicollinearity_threshold=0.9, remove_perfect_collinearity=True, create_clusters=False, cluster_iter=20, polynomial_features=False, polynomial_degree=2, trigonometry_features=False, polynomial_threshold=0.1, group_features=None, group_names=None, feature_selection=False, feature_selection_threshold=0.8, feature_selection_method=classic, feature_interaction=False, feature_ratio=False, interaction_threshold=0.01, fix_imbalance=False, fix_imbalance_method=None, transform_target=False, transform_target_method=box-cox, data_split_shuffle=True, data_split_stratify=False, fold_strategy=kfold, fold=10, fold_shuffle=False, fold_groups=None, n_jobs=-1, use_gpu=False, custom_pipeline=None, html=True, session_id=None, log_experiment=False, experiment_name=None, experiment_custom_tags=None, log_plots=False, log_profile=False, log_data=False, silent=True, verbose=True, profile=False, profile_kwargs=None, display=None)
2023-03-22 20:11:11,813:INFO:Checking environment
2023-03-22 20:11:11,813:INFO:python_version: 3.8.8
2023-03-22 20:11:11,813:INFO:python_build: ('default', 'Apr 13 2021 12:59:45')
2023-03-22 20:11:11,813:INFO:machine: x86_64
2023-03-22 20:11:11,813:INFO:platform: macOS-10.16-x86_64-i386-64bit
2023-03-22 20:11:11,813:INFO:Memory: svmem(total=8589934592, available=2530058240, percent=70.5, used=4782256128, free=19693568, active=2512580608, inactive=2466242560, wired=2269675520)
2023-03-22 20:11:11,814:INFO:Physical Core: 2
2023-03-22 20:11:11,814:INFO:Logical Core: 4
2023-03-22 20:11:11,814:INFO:Checking libraries
2023-03-22 20:11:11,814:INFO:pd==1.5.3
2023-03-22 20:11:11,814:INFO:numpy==1.20.3
2023-03-22 20:11:11,814:INFO:sklearn==0.23.2
2023-03-22 20:11:11,815:INFO:lightgbm==3.3.5
2023-03-22 20:11:12,060:INFO:catboost==1.1.1
2023-03-22 20:11:12,060:INFO:xgboost==1.7.4
2023-03-22 20:11:12,060:INFO:mlflow==2.2.1
2023-03-22 20:11:12,060:INFO:Checking Exceptions
2023-03-22 20:11:12,061:INFO:Declaring global variables
2023-03-22 20:11:12,061:INFO:USI: 9a82
2023-03-22 20:11:12,061:INFO:pycaret_globals: {'n_jobs_param', 'display_container', 'imputation_regressor', 'log_plots_param', 'fold_groups_param_full', 'transform_target_param', 'data_before_preprocess', '_ml_usecase', 'exp_name_log', 'y_train', '_all_models_internal', 'fold_shuffle_param', 'y', 'fix_imbalance_method_param', 'fold_groups_param', 'experiment__', 'imputation_classifier', 'fold_param', 'gpu_param', 'logging_param', 'USI', '_internal_pipeline', '_all_metrics', 'create_model_container', 'X_test', 'transform_target_method_param', '_available_plots', 'html_param', '_gpu_n_jobs_param', 'dashboard_logger', 'prep_pipe', 'seed', '_all_models', 'iterative_imputation_iters_param', 'target_param', 'fix_imbalance_param', 'stratify_param', 'X_train', 'y_test', 'master_model_container', 'fold_generator', 'X', 'pycaret_globals'}
2023-03-22 20:11:12,061:INFO:Preparing display monitor
2023-03-22 20:11:12,061:INFO:Preparing display monitor
2023-03-22 20:11:12,105:INFO:Importing libraries
2023-03-22 20:11:12,106:INFO:Copying data for preprocessing
2023-03-22 20:11:12,123:INFO:Declaring preprocessing parameters
2023-03-22 20:11:12,137:INFO:Creating preprocessing pipeline
2023-03-22 20:11:12,206:INFO:Preprocessing pipeline created successfully
2023-03-22 20:11:12,206:ERROR:(Process Exit): setup has been interupted with user command 'quit'. setup must rerun.
2023-03-22 20:11:12,207:INFO:Creating global containers
2023-03-22 20:11:12,208:INFO:Internal pipeline: Pipeline(memory=None, steps=[('empty_step', 'passthrough')], verbose=False)
2023-03-22 20:11:14,031:INFO:Creating grid variables
2023-03-22 20:11:14,067:INFO:create_model_container: 0
2023-03-22 20:11:14,067:INFO:master_model_container: 0
2023-03-22 20:11:14,067:INFO:display_container: 1
2023-03-22 20:11:14,086:INFO:Pipeline(memory=None,
         steps=[('dtypes',
                 DataTypes_Auto_infer(categorical_features=[],
                                      display_types=False, features_todrop=[],
                                      id_columns=['instant'],
                                      ml_usecase='regression',
                                      numerical_features=[], target='cnt',
                                      time_features=[])),
                ('imputer',
                 Simple_Imputer(categorical_strategy='not_available',
                                fill_value_categorical=None,
                                fill_value_numerical=None,
                                numeric_st...
                ('scaling', 'passthrough'), ('P_transform', 'passthrough'),
                ('binn', 'passthrough'), ('rem_outliers', 'passthrough'),
                ('cluster_all', 'passthrough'),
                ('dummy', Dummify(target='cnt')),
                ('fix_perfect', Remove_100(target='cnt')),
                ('clean_names', Clean_Colum_Names()),
                ('feature_select', 'passthrough'), ('fix_multi', 'passthrough'),
                ('dfs', 'passthrough'), ('pca', 'passthrough')],
         verbose=False)
2023-03-22 20:11:14,086:INFO:setup() succesfully completed......................................
2023-03-22 20:11:14,264:INFO:Initializing compare_models()
2023-03-22 20:11:14,268:INFO:compare_models(include=None, fold=None, round=4, cross_validation=True, sort=R2, n_select=1, budget_time=None, turbo=True, errors=ignore, fit_kwargs=None, groups=None, experiment_custom_tags=None, probability_threshold=None, verbose=True, display=None, exclude=None)
2023-03-22 20:11:14,268:INFO:Checking exceptions
2023-03-22 20:11:14,268:INFO:Preparing display monitor
2023-03-22 20:11:14,268:INFO:Preparing display monitor
2023-03-22 20:11:14,388:INFO:Initializing Linear Regression
2023-03-22 20:11:14,389:INFO:Total runtime is 1.5143553415934245e-05 minutes
2023-03-22 20:11:14,409:INFO:SubProcess create_model() called ==================================
2023-03-22 20:11:14,409:INFO:Initializing create_model()
2023-03-22 20:11:14,410:INFO:create_model(estimator=lr, fold=KFold(n_splits=10, random_state=None, shuffle=False), round=4, cross_validation=True, predict=True, fit_kwargs={}, groups=None, refit=False, verbose=False, system=False, metrics=None, experiment_custom_tags=None, add_to_model_list=True, probability_threshold=None, display=<pycaret.internal.Display.Display object at 0x7fdcd068e130>, return_train_score=False, kwargs={})
2023-03-22 20:11:14,410:INFO:Checking exceptions
2023-03-22 20:11:14,411:INFO:Importing libraries
2023-03-22 20:11:14,411:INFO:Copying training dataset
2023-03-22 20:11:14,415:INFO:Defining folds
2023-03-22 20:11:14,415:INFO:Declaring metric variables
2023-03-22 20:11:14,431:INFO:Importing untrained model
2023-03-22 20:11:14,453:INFO:Linear Regression Imported succesfully
2023-03-22 20:11:14,485:INFO:Starting cross validation
2023-03-22 20:11:14,500:INFO:Cross validating with KFold(n_splits=10, random_state=None, shuffle=False), n_jobs=-1
2023-03-22 20:11:23,567:INFO:Calculating mean and std
2023-03-22 20:11:23,569:INFO:Creating metrics dataframe
2023-03-22 20:11:23,577:INFO:Uploading results into container
2023-03-22 20:11:23,577:INFO:Uploading model into container now
2023-03-22 20:11:23,577:INFO:create_model_container: 1
2023-03-22 20:11:23,578:INFO:master_model_container: 1
2023-03-22 20:11:23,578:INFO:display_container: 2
2023-03-22 20:11:23,579:INFO:LinearRegression(copy_X=True, fit_intercept=True, n_jobs=-1, normalize=False)
2023-03-22 20:11:23,579:INFO:create_model() succesfully completed......................................
2023-03-22 20:11:23,917:INFO:SubProcess create_model() end ==================================
2023-03-22 20:11:23,917:INFO:Creating metrics dataframe
2023-03-22 20:11:23,946:INFO:Initializing Lasso Regression
2023-03-22 20:11:23,946:INFO:Total runtime is 0.15930356184641523 minutes
2023-03-22 20:11:23,972:INFO:SubProcess create_model() called ==================================
2023-03-22 20:11:23,973:INFO:Initializing create_model()
2023-03-22 20:11:23,973:INFO:create_model(estimator=lasso, fold=KFold(n_splits=10, random_state=None, shuffle=False), round=4, cross_validation=True, predict=True, fit_kwargs={}, groups=None, refit=False, verbose=False, system=False, metrics=None, experiment_custom_tags=None, add_to_model_list=True, probability_threshold=None, display=<pycaret.internal.Display.Display object at 0x7fdcd068e130>, return_train_score=False, kwargs={})
2023-03-22 20:11:23,973:INFO:Checking exceptions
2023-03-22 20:11:23,974:INFO:Importing libraries
2023-03-22 20:11:23,975:INFO:Copying training dataset
2023-03-22 20:11:23,981:INFO:Defining folds
2023-03-22 20:11:23,982:INFO:Declaring metric variables
2023-03-22 20:11:24,001:INFO:Importing untrained model
2023-03-22 20:11:24,018:INFO:Lasso Regression Imported succesfully
2023-03-22 20:11:24,051:INFO:Starting cross validation
2023-03-22 20:11:24,052:INFO:Cross validating with KFold(n_splits=10, random_state=None, shuffle=False), n_jobs=-1
2023-03-22 20:11:24,257:INFO:Calculating mean and std
2023-03-22 20:11:24,259:INFO:Creating metrics dataframe
2023-03-22 20:11:24,268:INFO:Uploading results into container
2023-03-22 20:11:24,269:INFO:Uploading model into container now
2023-03-22 20:11:24,269:INFO:create_model_container: 2
2023-03-22 20:11:24,269:INFO:master_model_container: 2
2023-03-22 20:11:24,269:INFO:display_container: 2
2023-03-22 20:11:24,270:INFO:Lasso(alpha=1.0, copy_X=True, fit_intercept=True, max_iter=1000,
      normalize=False, positive=False, precompute=False, random_state=5476,
      selection='cyclic', tol=0.0001, warm_start=False)
2023-03-22 20:11:24,270:INFO:create_model() succesfully completed......................................
2023-03-22 20:11:24,414:INFO:SubProcess create_model() end ==================================
2023-03-22 20:11:24,414:INFO:Creating metrics dataframe
2023-03-22 20:11:24,437:INFO:Initializing Ridge Regression
2023-03-22 20:11:24,437:INFO:Total runtime is 0.16748356421788535 minutes
2023-03-22 20:11:24,455:INFO:SubProcess create_model() called ==================================
2023-03-22 20:11:24,455:INFO:Initializing create_model()
2023-03-22 20:11:24,455:INFO:create_model(estimator=ridge, fold=KFold(n_splits=10, random_state=None, shuffle=False), round=4, cross_validation=True, predict=True, fit_kwargs={}, groups=None, refit=False, verbose=False, system=False, metrics=None, experiment_custom_tags=None, add_to_model_list=True, probability_threshold=None, display=<pycaret.internal.Display.Display object at 0x7fdcd068e130>, return_train_score=False, kwargs={})
2023-03-22 20:11:24,456:INFO:Checking exceptions
2023-03-22 20:11:24,456:INFO:Importing libraries
2023-03-22 20:11:24,456:INFO:Copying training dataset
2023-03-22 20:11:24,462:INFO:Defining folds
2023-03-22 20:11:24,464:INFO:Declaring metric variables
2023-03-22 20:11:24,506:INFO:Importing untrained model
2023-03-22 20:11:24,542:INFO:Ridge Regression Imported succesfully
2023-03-22 20:11:24,579:INFO:Starting cross validation
2023-03-22 20:11:24,580:INFO:Cross validating with KFold(n_splits=10, random_state=None, shuffle=False), n_jobs=-1
2023-03-22 20:11:24,912:INFO:Calculating mean and std
2023-03-22 20:11:24,913:INFO:Creating metrics dataframe
2023-03-22 20:11:24,919:INFO:Uploading results into container
2023-03-22 20:11:24,920:INFO:Uploading model into container now
2023-03-22 20:11:24,920:INFO:create_model_container: 3
2023-03-22 20:11:24,920:INFO:master_model_container: 3
2023-03-22 20:11:24,920:INFO:display_container: 2
2023-03-22 20:11:24,920:INFO:Ridge(alpha=1.0, copy_X=True, fit_intercept=True, max_iter=None,
      normalize=False, random_state=5476, solver='auto', tol=0.001)
2023-03-22 20:11:24,920:INFO:create_model() succesfully completed......................................
2023-03-22 20:11:25,121:INFO:SubProcess create_model() end ==================================
2023-03-22 20:11:25,121:INFO:Creating metrics dataframe
2023-03-22 20:11:25,140:INFO:Initializing Elastic Net
2023-03-22 20:11:25,140:INFO:Total runtime is 0.17919462919235232 minutes
2023-03-22 20:11:25,154:INFO:SubProcess create_model() called ==================================
2023-03-22 20:11:25,155:INFO:Initializing create_model()
2023-03-22 20:11:25,156:INFO:create_model(estimator=en, fold=KFold(n_splits=10, random_state=None, shuffle=False), round=4, cross_validation=True, predict=True, fit_kwargs={}, groups=None, refit=False, verbose=False, system=False, metrics=None, experiment_custom_tags=None, add_to_model_list=True, probability_threshold=None, display=<pycaret.internal.Display.Display object at 0x7fdcd068e130>, return_train_score=False, kwargs={})
2023-03-22 20:11:25,156:INFO:Checking exceptions
2023-03-22 20:11:25,156:INFO:Importing libraries
2023-03-22 20:11:25,157:INFO:Copying training dataset
2023-03-22 20:11:25,160:INFO:Defining folds
2023-03-22 20:11:25,160:INFO:Declaring metric variables
2023-03-22 20:11:25,173:INFO:Importing untrained model
2023-03-22 20:11:25,185:INFO:Elastic Net Imported succesfully
2023-03-22 20:11:25,208:INFO:Starting cross validation
2023-03-22 20:11:25,210:INFO:Cross validating with KFold(n_splits=10, random_state=None, shuffle=False), n_jobs=-1
2023-03-22 20:11:25,580:INFO:Calculating mean and std
2023-03-22 20:11:25,580:INFO:Creating metrics dataframe
2023-03-22 20:11:25,586:INFO:Uploading results into container
2023-03-22 20:11:25,586:INFO:Uploading model into container now
2023-03-22 20:11:25,587:INFO:create_model_container: 4
2023-03-22 20:11:25,587:INFO:master_model_container: 4
2023-03-22 20:11:25,587:INFO:display_container: 2
2023-03-22 20:11:25,588:INFO:ElasticNet(alpha=1.0, copy_X=True, fit_intercept=True, l1_ratio=0.5,
           max_iter=1000, normalize=False, positive=False, precompute=False,
           random_state=5476, selection='cyclic', tol=0.0001, warm_start=False)
2023-03-22 20:11:25,588:INFO:create_model() succesfully completed......................................
2023-03-22 20:11:25,712:INFO:SubProcess create_model() end ==================================
2023-03-22 20:11:25,712:INFO:Creating metrics dataframe
2023-03-22 20:11:25,734:INFO:Initializing Least Angle Regression
2023-03-22 20:11:25,735:INFO:Total runtime is 0.18910794655481977 minutes
2023-03-22 20:11:25,753:INFO:SubProcess create_model() called ==================================
2023-03-22 20:11:25,754:INFO:Initializing create_model()
2023-03-22 20:11:25,754:INFO:create_model(estimator=lar, fold=KFold(n_splits=10, random_state=None, shuffle=False), round=4, cross_validation=True, predict=True, fit_kwargs={}, groups=None, refit=False, verbose=False, system=False, metrics=None, experiment_custom_tags=None, add_to_model_list=True, probability_threshold=None, display=<pycaret.internal.Display.Display object at 0x7fdcd068e130>, return_train_score=False, kwargs={})
2023-03-22 20:11:25,755:INFO:Checking exceptions
2023-03-22 20:11:25,755:INFO:Importing libraries
2023-03-22 20:11:25,755:INFO:Copying training dataset
2023-03-22 20:11:25,764:INFO:Defining folds
2023-03-22 20:11:25,765:INFO:Declaring metric variables
2023-03-22 20:11:25,789:INFO:Importing untrained model
2023-03-22 20:11:25,827:INFO:Least Angle Regression Imported succesfully
2023-03-22 20:11:25,931:INFO:Starting cross validation
2023-03-22 20:11:25,932:INFO:Cross validating with KFold(n_splits=10, random_state=None, shuffle=False), n_jobs=-1
2023-03-22 20:11:26,369:INFO:Calculating mean and std
2023-03-22 20:11:26,371:INFO:Creating metrics dataframe
2023-03-22 20:11:26,379:INFO:Uploading results into container
2023-03-22 20:11:26,379:INFO:Uploading model into container now
2023-03-22 20:11:26,379:INFO:create_model_container: 5
2023-03-22 20:11:26,379:INFO:master_model_container: 5
2023-03-22 20:11:26,379:INFO:display_container: 2
2023-03-22 20:11:26,380:INFO:Lars(copy_X=True, eps=2.220446049250313e-16, fit_intercept=True, fit_path=True,
     jitter=None, n_nonzero_coefs=500, normalize=True, precompute='auto',
     random_state=5476, verbose=False)
2023-03-22 20:11:26,380:INFO:create_model() succesfully completed......................................
2023-03-22 20:11:26,587:INFO:SubProcess create_model() end ==================================
2023-03-22 20:11:26,587:INFO:Creating metrics dataframe
2023-03-22 20:11:26,631:INFO:Initializing Lasso Least Angle Regression
2023-03-22 20:11:26,631:INFO:Total runtime is 0.20404371420542403 minutes
2023-03-22 20:11:26,649:INFO:SubProcess create_model() called ==================================
2023-03-22 20:11:26,651:INFO:Initializing create_model()
2023-03-22 20:11:26,651:INFO:create_model(estimator=llar, fold=KFold(n_splits=10, random_state=None, shuffle=False), round=4, cross_validation=True, predict=True, fit_kwargs={}, groups=None, refit=False, verbose=False, system=False, metrics=None, experiment_custom_tags=None, add_to_model_list=True, probability_threshold=None, display=<pycaret.internal.Display.Display object at 0x7fdcd068e130>, return_train_score=False, kwargs={})
2023-03-22 20:11:26,652:INFO:Checking exceptions
2023-03-22 20:11:26,653:INFO:Importing libraries
2023-03-22 20:11:26,653:INFO:Copying training dataset
2023-03-22 20:11:26,661:INFO:Defining folds
2023-03-22 20:11:26,661:INFO:Declaring metric variables
2023-03-22 20:11:26,677:INFO:Importing untrained model
2023-03-22 20:11:26,690:INFO:Lasso Least Angle Regression Imported succesfully
2023-03-22 20:11:26,711:INFO:Starting cross validation
2023-03-22 20:11:26,712:INFO:Cross validating with KFold(n_splits=10, random_state=None, shuffle=False), n_jobs=-1
2023-03-22 20:11:26,930:INFO:Calculating mean and std
2023-03-22 20:11:26,931:INFO:Creating metrics dataframe
2023-03-22 20:11:26,936:INFO:Uploading results into container
2023-03-22 20:11:26,936:INFO:Uploading model into container now
2023-03-22 20:11:26,936:INFO:create_model_container: 6
2023-03-22 20:11:26,936:INFO:master_model_container: 6
2023-03-22 20:11:26,936:INFO:display_container: 2
2023-03-22 20:11:26,937:INFO:LassoLars(alpha=1.0, copy_X=True, eps=2.220446049250313e-16, fit_intercept=True,
          fit_path=True, jitter=None, max_iter=500, normalize=True,
          positive=False, precompute='auto', random_state=5476, verbose=False)
2023-03-22 20:11:26,937:INFO:create_model() succesfully completed......................................
2023-03-22 20:11:27,100:INFO:SubProcess create_model() end ==================================
2023-03-22 20:11:27,101:INFO:Creating metrics dataframe
2023-03-22 20:11:27,120:INFO:Initializing Orthogonal Matching Pursuit
2023-03-22 20:11:27,120:INFO:Total runtime is 0.2122033476829529 minutes
2023-03-22 20:11:27,133:INFO:SubProcess create_model() called ==================================
2023-03-22 20:11:27,133:INFO:Initializing create_model()
2023-03-22 20:11:27,133:INFO:create_model(estimator=omp, fold=KFold(n_splits=10, random_state=None, shuffle=False), round=4, cross_validation=True, predict=True, fit_kwargs={}, groups=None, refit=False, verbose=False, system=False, metrics=None, experiment_custom_tags=None, add_to_model_list=True, probability_threshold=None, display=<pycaret.internal.Display.Display object at 0x7fdcd068e130>, return_train_score=False, kwargs={})
2023-03-22 20:11:27,134:INFO:Checking exceptions
2023-03-22 20:11:27,134:INFO:Importing libraries
2023-03-22 20:11:27,134:INFO:Copying training dataset
2023-03-22 20:11:27,139:INFO:Defining folds
2023-03-22 20:11:27,139:INFO:Declaring metric variables
2023-03-22 20:11:27,153:INFO:Importing untrained model
2023-03-22 20:11:27,167:INFO:Orthogonal Matching Pursuit Imported succesfully
2023-03-22 20:11:27,190:INFO:Starting cross validation
2023-03-22 20:11:27,192:INFO:Cross validating with KFold(n_splits=10, random_state=None, shuffle=False), n_jobs=-1
2023-03-22 20:11:27,484:INFO:Calculating mean and std
2023-03-22 20:11:27,486:INFO:Creating metrics dataframe
2023-03-22 20:11:27,494:INFO:Uploading results into container
2023-03-22 20:11:27,494:INFO:Uploading model into container now
2023-03-22 20:11:27,495:INFO:create_model_container: 7
2023-03-22 20:11:27,495:INFO:master_model_container: 7
2023-03-22 20:11:27,496:INFO:display_container: 2
2023-03-22 20:11:27,497:INFO:OrthogonalMatchingPursuit(fit_intercept=True, n_nonzero_coefs=None,
                          normalize=True, precompute='auto', tol=None)
2023-03-22 20:11:27,497:INFO:create_model() succesfully completed......................................
2023-03-22 20:11:27,738:INFO:SubProcess create_model() end ==================================
2023-03-22 20:11:27,738:INFO:Creating metrics dataframe
2023-03-22 20:11:27,768:INFO:Initializing Bayesian Ridge
2023-03-22 20:11:27,768:INFO:Total runtime is 0.22299908002217614 minutes
2023-03-22 20:11:27,795:INFO:SubProcess create_model() called ==================================
2023-03-22 20:11:27,795:INFO:Initializing create_model()
2023-03-22 20:11:27,796:INFO:create_model(estimator=br, fold=KFold(n_splits=10, random_state=None, shuffle=False), round=4, cross_validation=True, predict=True, fit_kwargs={}, groups=None, refit=False, verbose=False, system=False, metrics=None, experiment_custom_tags=None, add_to_model_list=True, probability_threshold=None, display=<pycaret.internal.Display.Display object at 0x7fdcd068e130>, return_train_score=False, kwargs={})
2023-03-22 20:11:27,797:INFO:Checking exceptions
2023-03-22 20:11:27,797:INFO:Importing libraries
2023-03-22 20:11:27,797:INFO:Copying training dataset
2023-03-22 20:11:27,805:INFO:Defining folds
2023-03-22 20:11:27,805:INFO:Declaring metric variables
2023-03-22 20:11:27,823:INFO:Importing untrained model
2023-03-22 20:11:27,841:INFO:Bayesian Ridge Imported succesfully
2023-03-22 20:11:27,892:INFO:Starting cross validation
2023-03-22 20:11:27,893:INFO:Cross validating with KFold(n_splits=10, random_state=None, shuffle=False), n_jobs=-1
2023-03-22 20:11:28,333:INFO:Calculating mean and std
2023-03-22 20:11:28,335:INFO:Creating metrics dataframe
2023-03-22 20:11:28,345:INFO:Uploading results into container
2023-03-22 20:11:28,346:INFO:Uploading model into container now
2023-03-22 20:11:28,346:INFO:create_model_container: 8
2023-03-22 20:11:28,346:INFO:master_model_container: 8
2023-03-22 20:11:28,347:INFO:display_container: 2
2023-03-22 20:11:28,348:INFO:BayesianRidge(alpha_1=1e-06, alpha_2=1e-06, alpha_init=None,
              compute_score=False, copy_X=True, fit_intercept=True,
              lambda_1=1e-06, lambda_2=1e-06, lambda_init=None, n_iter=300,
              normalize=False, tol=0.001, verbose=False)
2023-03-22 20:11:28,348:INFO:create_model() succesfully completed......................................
2023-03-22 20:11:28,485:INFO:SubProcess create_model() end ==================================
2023-03-22 20:11:28,486:INFO:Creating metrics dataframe
2023-03-22 20:11:28,507:INFO:Initializing Passive Aggressive Regressor
2023-03-22 20:11:28,507:INFO:Total runtime is 0.23531509637832645 minutes
2023-03-22 20:11:28,521:INFO:SubProcess create_model() called ==================================
2023-03-22 20:11:28,522:INFO:Initializing create_model()
2023-03-22 20:11:28,522:INFO:create_model(estimator=par, fold=KFold(n_splits=10, random_state=None, shuffle=False), round=4, cross_validation=True, predict=True, fit_kwargs={}, groups=None, refit=False, verbose=False, system=False, metrics=None, experiment_custom_tags=None, add_to_model_list=True, probability_threshold=None, display=<pycaret.internal.Display.Display object at 0x7fdcd068e130>, return_train_score=False, kwargs={})
2023-03-22 20:11:28,522:INFO:Checking exceptions
2023-03-22 20:11:28,522:INFO:Importing libraries
2023-03-22 20:11:28,522:INFO:Copying training dataset
2023-03-22 20:11:28,526:INFO:Defining folds
2023-03-22 20:11:28,529:INFO:Declaring metric variables
2023-03-22 20:11:28,543:INFO:Importing untrained model
2023-03-22 20:11:28,556:INFO:Passive Aggressive Regressor Imported succesfully
2023-03-22 20:11:28,583:INFO:Starting cross validation
2023-03-22 20:11:28,584:INFO:Cross validating with KFold(n_splits=10, random_state=None, shuffle=False), n_jobs=-1
2023-03-22 20:11:29,178:INFO:Calculating mean and std
2023-03-22 20:11:29,179:INFO:Creating metrics dataframe
2023-03-22 20:11:29,193:INFO:Uploading results into container
2023-03-22 20:11:29,193:INFO:Uploading model into container now
2023-03-22 20:11:29,194:INFO:create_model_container: 9
2023-03-22 20:11:29,194:INFO:master_model_container: 9
2023-03-22 20:11:29,194:INFO:display_container: 2
2023-03-22 20:11:29,194:INFO:PassiveAggressiveRegressor(C=1.0, average=False, early_stopping=False,
                           epsilon=0.1, fit_intercept=True,
                           loss='epsilon_insensitive', max_iter=1000,
                           n_iter_no_change=5, random_state=5476, shuffle=True,
                           tol=0.001, validation_fraction=0.1, verbose=0,
                           warm_start=False)
2023-03-22 20:11:29,195:INFO:create_model() succesfully completed......................................
2023-03-22 20:11:29,391:INFO:SubProcess create_model() end ==================================
2023-03-22 20:11:29,391:INFO:Creating metrics dataframe
2023-03-22 20:11:29,427:INFO:Initializing Huber Regressor
2023-03-22 20:11:29,427:INFO:Total runtime is 0.25064673026402795 minutes
2023-03-22 20:11:29,451:INFO:SubProcess create_model() called ==================================
2023-03-22 20:11:29,452:INFO:Initializing create_model()
2023-03-22 20:11:29,459:INFO:create_model(estimator=huber, fold=KFold(n_splits=10, random_state=None, shuffle=False), round=4, cross_validation=True, predict=True, fit_kwargs={}, groups=None, refit=False, verbose=False, system=False, metrics=None, experiment_custom_tags=None, add_to_model_list=True, probability_threshold=None, display=<pycaret.internal.Display.Display object at 0x7fdcd068e130>, return_train_score=False, kwargs={})
2023-03-22 20:11:29,459:INFO:Checking exceptions
2023-03-22 20:11:29,460:INFO:Importing libraries
2023-03-22 20:11:29,460:INFO:Copying training dataset
2023-03-22 20:11:29,498:INFO:Defining folds
2023-03-22 20:11:29,499:INFO:Declaring metric variables
2023-03-22 20:11:29,518:INFO:Importing untrained model
2023-03-22 20:11:29,540:INFO:Huber Regressor Imported succesfully
2023-03-22 20:11:29,580:INFO:Starting cross validation
2023-03-22 20:11:29,581:INFO:Cross validating with KFold(n_splits=10, random_state=None, shuffle=False), n_jobs=-1
2023-03-22 20:11:31,627:INFO:Calculating mean and std
2023-03-22 20:11:31,629:INFO:Creating metrics dataframe
2023-03-22 20:11:31,637:INFO:Uploading results into container
2023-03-22 20:11:31,637:INFO:Uploading model into container now
2023-03-22 20:11:31,638:INFO:create_model_container: 10
2023-03-22 20:11:31,638:INFO:master_model_container: 10
2023-03-22 20:11:31,638:INFO:display_container: 2
2023-03-22 20:11:31,638:INFO:HuberRegressor(alpha=0.0001, epsilon=1.35, fit_intercept=True, max_iter=100,
               tol=1e-05, warm_start=False)
2023-03-22 20:11:31,639:INFO:create_model() succesfully completed......................................
2023-03-22 20:11:31,778:INFO:SubProcess create_model() end ==================================
2023-03-22 20:11:31,778:INFO:Creating metrics dataframe
2023-03-22 20:11:31,799:INFO:Initializing K Neighbors Regressor
2023-03-22 20:11:31,799:INFO:Total runtime is 0.29018832842508957 minutes
2023-03-22 20:11:31,813:INFO:SubProcess create_model() called ==================================
2023-03-22 20:11:31,814:INFO:Initializing create_model()
2023-03-22 20:11:31,814:INFO:create_model(estimator=knn, fold=KFold(n_splits=10, random_state=None, shuffle=False), round=4, cross_validation=True, predict=True, fit_kwargs={}, groups=None, refit=False, verbose=False, system=False, metrics=None, experiment_custom_tags=None, add_to_model_list=True, probability_threshold=None, display=<pycaret.internal.Display.Display object at 0x7fdcd068e130>, return_train_score=False, kwargs={})
2023-03-22 20:11:31,814:INFO:Checking exceptions
2023-03-22 20:11:31,814:INFO:Importing libraries
2023-03-22 20:11:31,814:INFO:Copying training dataset
2023-03-22 20:11:31,819:INFO:Defining folds
2023-03-22 20:11:31,820:INFO:Declaring metric variables
2023-03-22 20:11:31,830:INFO:Importing untrained model
2023-03-22 20:11:31,841:INFO:K Neighbors Regressor Imported succesfully
2023-03-22 20:11:31,866:INFO:Starting cross validation
2023-03-22 20:11:31,867:INFO:Cross validating with KFold(n_splits=10, random_state=None, shuffle=False), n_jobs=-1
2023-03-22 20:11:32,572:INFO:Calculating mean and std
2023-03-22 20:11:32,573:INFO:Creating metrics dataframe
2023-03-22 20:11:32,577:INFO:Uploading results into container
2023-03-22 20:11:32,577:INFO:Uploading model into container now
2023-03-22 20:11:32,577:INFO:create_model_container: 11
2023-03-22 20:11:32,578:INFO:master_model_container: 11
2023-03-22 20:11:32,578:INFO:display_container: 2
2023-03-22 20:11:32,578:INFO:KNeighborsRegressor(algorithm='auto', leaf_size=30, metric='minkowski',
                    metric_params=None, n_jobs=-1, n_neighbors=5, p=2,
                    weights='uniform')
2023-03-22 20:11:32,578:INFO:create_model() succesfully completed......................................
2023-03-22 20:11:32,688:INFO:SubProcess create_model() end ==================================
2023-03-22 20:11:32,688:INFO:Creating metrics dataframe
2023-03-22 20:11:32,706:INFO:Initializing Decision Tree Regressor
2023-03-22 20:11:32,706:INFO:Total runtime is 0.3052950819333395 minutes
2023-03-22 20:11:32,719:INFO:SubProcess create_model() called ==================================
2023-03-22 20:11:32,720:INFO:Initializing create_model()
2023-03-22 20:11:32,720:INFO:create_model(estimator=dt, fold=KFold(n_splits=10, random_state=None, shuffle=False), round=4, cross_validation=True, predict=True, fit_kwargs={}, groups=None, refit=False, verbose=False, system=False, metrics=None, experiment_custom_tags=None, add_to_model_list=True, probability_threshold=None, display=<pycaret.internal.Display.Display object at 0x7fdcd068e130>, return_train_score=False, kwargs={})
2023-03-22 20:11:32,720:INFO:Checking exceptions
2023-03-22 20:11:32,720:INFO:Importing libraries
2023-03-22 20:11:32,720:INFO:Copying training dataset
2023-03-22 20:11:32,726:INFO:Defining folds
2023-03-22 20:11:32,726:INFO:Declaring metric variables
2023-03-22 20:11:32,752:INFO:Importing untrained model
2023-03-22 20:11:32,771:INFO:Decision Tree Regressor Imported succesfully
2023-03-22 20:11:32,804:INFO:Starting cross validation
2023-03-22 20:11:32,805:INFO:Cross validating with KFold(n_splits=10, random_state=None, shuffle=False), n_jobs=-1
2023-03-22 20:11:33,418:INFO:Calculating mean and std
2023-03-22 20:11:33,420:INFO:Creating metrics dataframe
2023-03-22 20:11:33,428:INFO:Uploading results into container
2023-03-22 20:11:33,428:INFO:Uploading model into container now
2023-03-22 20:11:33,428:INFO:create_model_container: 12
2023-03-22 20:11:33,429:INFO:master_model_container: 12
2023-03-22 20:11:33,429:INFO:display_container: 2
2023-03-22 20:11:33,429:INFO:DecisionTreeRegressor(ccp_alpha=0.0, criterion='mse', max_depth=None,
                      max_features=None, max_leaf_nodes=None,
                      min_impurity_decrease=0.0, min_impurity_split=None,
                      min_samples_leaf=1, min_samples_split=2,
                      min_weight_fraction_leaf=0.0, presort='deprecated',
                      random_state=5476, splitter='best')
2023-03-22 20:11:33,430:INFO:create_model() succesfully completed......................................
2023-03-22 20:11:33,555:INFO:SubProcess create_model() end ==================================
2023-03-22 20:11:33,556:INFO:Creating metrics dataframe
2023-03-22 20:11:33,578:INFO:Initializing Random Forest Regressor
2023-03-22 20:11:33,578:INFO:Total runtime is 0.3198361476262411 minutes
2023-03-22 20:11:33,591:INFO:SubProcess create_model() called ==================================
2023-03-22 20:11:33,592:INFO:Initializing create_model()
2023-03-22 20:11:33,593:INFO:create_model(estimator=rf, fold=KFold(n_splits=10, random_state=None, shuffle=False), round=4, cross_validation=True, predict=True, fit_kwargs={}, groups=None, refit=False, verbose=False, system=False, metrics=None, experiment_custom_tags=None, add_to_model_list=True, probability_threshold=None, display=<pycaret.internal.Display.Display object at 0x7fdcd068e130>, return_train_score=False, kwargs={})
2023-03-22 20:11:33,593:INFO:Checking exceptions
2023-03-22 20:11:33,593:INFO:Importing libraries
2023-03-22 20:11:33,593:INFO:Copying training dataset
2023-03-22 20:11:33,598:INFO:Defining folds
2023-03-22 20:11:33,598:INFO:Declaring metric variables
2023-03-22 20:11:33,608:INFO:Importing untrained model
2023-03-22 20:11:33,619:INFO:Random Forest Regressor Imported succesfully
2023-03-22 20:11:33,641:INFO:Starting cross validation
2023-03-22 20:11:33,643:INFO:Cross validating with KFold(n_splits=10, random_state=None, shuffle=False), n_jobs=-1
2023-03-22 20:11:51,624:INFO:Calculating mean and std
2023-03-22 20:11:51,625:INFO:Creating metrics dataframe
2023-03-22 20:11:51,630:INFO:Uploading results into container
2023-03-22 20:11:51,631:INFO:Uploading model into container now
2023-03-22 20:11:51,631:INFO:create_model_container: 13
2023-03-22 20:11:51,631:INFO:master_model_container: 13
2023-03-22 20:11:51,631:INFO:display_container: 2
2023-03-22 20:11:51,632:INFO:RandomForestRegressor(bootstrap=True, ccp_alpha=0.0, criterion='mse',
                      max_depth=None, max_features='auto', max_leaf_nodes=None,
                      max_samples=None, min_impurity_decrease=0.0,
                      min_impurity_split=None, min_samples_leaf=1,
                      min_samples_split=2, min_weight_fraction_leaf=0.0,
                      n_estimators=100, n_jobs=-1, oob_score=False,
                      random_state=5476, verbose=0, warm_start=False)
2023-03-22 20:11:51,632:INFO:create_model() succesfully completed......................................
2023-03-22 20:11:51,757:INFO:SubProcess create_model() end ==================================
2023-03-22 20:11:51,758:INFO:Creating metrics dataframe
2023-03-22 20:11:51,779:INFO:Initializing Extra Trees Regressor
2023-03-22 20:11:51,779:INFO:Total runtime is 0.623186747233073 minutes
2023-03-22 20:11:51,797:INFO:SubProcess create_model() called ==================================
2023-03-22 20:11:51,798:INFO:Initializing create_model()
2023-03-22 20:11:51,798:INFO:create_model(estimator=et, fold=KFold(n_splits=10, random_state=None, shuffle=False), round=4, cross_validation=True, predict=True, fit_kwargs={}, groups=None, refit=False, verbose=False, system=False, metrics=None, experiment_custom_tags=None, add_to_model_list=True, probability_threshold=None, display=<pycaret.internal.Display.Display object at 0x7fdcd068e130>, return_train_score=False, kwargs={})
2023-03-22 20:11:51,798:INFO:Checking exceptions
2023-03-22 20:11:51,799:INFO:Importing libraries
2023-03-22 20:11:51,799:INFO:Copying training dataset
2023-03-22 20:11:51,805:INFO:Defining folds
2023-03-22 20:11:51,805:INFO:Declaring metric variables
2023-03-22 20:11:51,816:INFO:Importing untrained model
2023-03-22 20:11:51,828:INFO:Extra Trees Regressor Imported succesfully
2023-03-22 20:11:51,851:INFO:Starting cross validation
2023-03-22 20:11:51,852:INFO:Cross validating with KFold(n_splits=10, random_state=None, shuffle=False), n_jobs=-1
2023-03-22 20:12:10,291:INFO:Calculating mean and std
2023-03-22 20:12:10,294:INFO:Creating metrics dataframe
2023-03-22 20:12:10,300:INFO:Uploading results into container
2023-03-22 20:12:10,301:INFO:Uploading model into container now
2023-03-22 20:12:10,301:INFO:create_model_container: 14
2023-03-22 20:12:10,301:INFO:master_model_container: 14
2023-03-22 20:12:10,301:INFO:display_container: 2
2023-03-22 20:12:10,302:INFO:ExtraTreesRegressor(bootstrap=False, ccp_alpha=0.0, criterion='mse',
                    max_depth=None, max_features='auto', max_leaf_nodes=None,
                    max_samples=None, min_impurity_decrease=0.0,
                    min_impurity_split=None, min_samples_leaf=1,
                    min_samples_split=2, min_weight_fraction_leaf=0.0,
                    n_estimators=100, n_jobs=-1, oob_score=False,
                    random_state=5476, verbose=0, warm_start=False)
2023-03-22 20:12:10,302:INFO:create_model() succesfully completed......................................
2023-03-22 20:12:10,433:INFO:SubProcess create_model() end ==================================
2023-03-22 20:12:10,434:INFO:Creating metrics dataframe
2023-03-22 20:12:10,457:INFO:Initializing AdaBoost Regressor
2023-03-22 20:12:10,457:INFO:Total runtime is 0.9344842950503032 minutes
2023-03-22 20:12:10,482:INFO:SubProcess create_model() called ==================================
2023-03-22 20:12:10,483:INFO:Initializing create_model()
2023-03-22 20:12:10,483:INFO:create_model(estimator=ada, fold=KFold(n_splits=10, random_state=None, shuffle=False), round=4, cross_validation=True, predict=True, fit_kwargs={}, groups=None, refit=False, verbose=False, system=False, metrics=None, experiment_custom_tags=None, add_to_model_list=True, probability_threshold=None, display=<pycaret.internal.Display.Display object at 0x7fdcd068e130>, return_train_score=False, kwargs={})
2023-03-22 20:12:10,483:INFO:Checking exceptions
2023-03-22 20:12:10,483:INFO:Importing libraries
2023-03-22 20:12:10,483:INFO:Copying training dataset
2023-03-22 20:12:10,488:INFO:Defining folds
2023-03-22 20:12:10,488:INFO:Declaring metric variables
2023-03-22 20:12:10,506:INFO:Importing untrained model
2023-03-22 20:12:10,520:INFO:AdaBoost Regressor Imported succesfully
2023-03-22 20:12:10,543:INFO:Starting cross validation
2023-03-22 20:12:10,544:INFO:Cross validating with KFold(n_splits=10, random_state=None, shuffle=False), n_jobs=-1
2023-03-22 20:12:14,297:INFO:Calculating mean and std
2023-03-22 20:12:14,299:INFO:Creating metrics dataframe
2023-03-22 20:12:14,307:INFO:Uploading results into container
2023-03-22 20:12:14,307:INFO:Uploading model into container now
2023-03-22 20:12:14,307:INFO:create_model_container: 15
2023-03-22 20:12:14,307:INFO:master_model_container: 15
2023-03-22 20:12:14,308:INFO:display_container: 2
2023-03-22 20:12:14,308:INFO:AdaBoostRegressor(base_estimator=None, learning_rate=1.0, loss='linear',
                  n_estimators=50, random_state=5476)
2023-03-22 20:12:14,308:INFO:create_model() succesfully completed......................................
2023-03-22 20:12:14,437:INFO:SubProcess create_model() end ==================================
2023-03-22 20:12:14,437:INFO:Creating metrics dataframe
2023-03-22 20:12:14,460:INFO:Initializing Gradient Boosting Regressor
2023-03-22 20:12:14,460:INFO:Total runtime is 1.0011917630831402 minutes
2023-03-22 20:12:14,471:INFO:SubProcess create_model() called ==================================
2023-03-22 20:12:14,472:INFO:Initializing create_model()
2023-03-22 20:12:14,472:INFO:create_model(estimator=gbr, fold=KFold(n_splits=10, random_state=None, shuffle=False), round=4, cross_validation=True, predict=True, fit_kwargs={}, groups=None, refit=False, verbose=False, system=False, metrics=None, experiment_custom_tags=None, add_to_model_list=True, probability_threshold=None, display=<pycaret.internal.Display.Display object at 0x7fdcd068e130>, return_train_score=False, kwargs={})
2023-03-22 20:12:14,472:INFO:Checking exceptions
2023-03-22 20:12:14,472:INFO:Importing libraries
2023-03-22 20:12:14,473:INFO:Copying training dataset
2023-03-22 20:12:14,478:INFO:Defining folds
2023-03-22 20:12:14,478:INFO:Declaring metric variables
2023-03-22 20:12:14,489:INFO:Importing untrained model
2023-03-22 20:12:14,502:INFO:Gradient Boosting Regressor Imported succesfully
2023-03-22 20:12:14,525:INFO:Starting cross validation
2023-03-22 20:12:14,527:INFO:Cross validating with KFold(n_splits=10, random_state=None, shuffle=False), n_jobs=-1
2023-03-22 20:12:19,726:INFO:Calculating mean and std
2023-03-22 20:12:19,728:INFO:Creating metrics dataframe
2023-03-22 20:12:19,734:INFO:Uploading results into container
2023-03-22 20:12:19,735:INFO:Uploading model into container now
2023-03-22 20:12:19,735:INFO:create_model_container: 16
2023-03-22 20:12:19,735:INFO:master_model_container: 16
2023-03-22 20:12:19,735:INFO:display_container: 2
2023-03-22 20:12:19,735:INFO:GradientBoostingRegressor(alpha=0.9, ccp_alpha=0.0, criterion='friedman_mse',
                          init=None, learning_rate=0.1, loss='ls', max_depth=3,
                          max_features=None, max_leaf_nodes=None,
                          min_impurity_decrease=0.0, min_impurity_split=None,
                          min_samples_leaf=1, min_samples_split=2,
                          min_weight_fraction_leaf=0.0, n_estimators=100,
                          n_iter_no_change=None, presort='deprecated',
                          random_state=5476, subsample=1.0, tol=0.0001,
                          validation_fraction=0.1, verbose=0, warm_start=False)
2023-03-22 20:12:19,735:INFO:create_model() succesfully completed......................................
2023-03-22 20:12:19,853:INFO:SubProcess create_model() end ==================================
2023-03-22 20:12:19,854:INFO:Creating metrics dataframe
2023-03-22 20:12:19,882:INFO:Initializing Extreme Gradient Boosting
2023-03-22 20:12:19,882:INFO:Total runtime is 1.0915714979171753 minutes
2023-03-22 20:12:19,913:INFO:SubProcess create_model() called ==================================
2023-03-22 20:12:19,914:INFO:Initializing create_model()
2023-03-22 20:12:19,914:INFO:create_model(estimator=xgboost, fold=KFold(n_splits=10, random_state=None, shuffle=False), round=4, cross_validation=True, predict=True, fit_kwargs={}, groups=None, refit=False, verbose=False, system=False, metrics=None, experiment_custom_tags=None, add_to_model_list=True, probability_threshold=None, display=<pycaret.internal.Display.Display object at 0x7fdcd068e130>, return_train_score=False, kwargs={})
2023-03-22 20:12:19,914:INFO:Checking exceptions
2023-03-22 20:12:19,915:INFO:Importing libraries
2023-03-22 20:12:19,915:INFO:Copying training dataset
2023-03-22 20:12:19,920:INFO:Defining folds
2023-03-22 20:12:19,920:INFO:Declaring metric variables
2023-03-22 20:12:19,931:INFO:Importing untrained model
2023-03-22 20:12:19,944:INFO:Extreme Gradient Boosting Imported succesfully
2023-03-22 20:12:19,968:INFO:Starting cross validation
2023-03-22 20:12:19,970:INFO:Cross validating with KFold(n_splits=10, random_state=None, shuffle=False), n_jobs=-1
2023-03-22 20:12:31,781:INFO:Calculating mean and std
2023-03-22 20:12:31,782:INFO:Creating metrics dataframe
2023-03-22 20:12:31,787:INFO:Uploading results into container
2023-03-22 20:12:31,787:INFO:Uploading model into container now
2023-03-22 20:12:31,787:INFO:create_model_container: 17
2023-03-22 20:12:31,787:INFO:master_model_container: 17
2023-03-22 20:12:31,787:INFO:display_container: 2
2023-03-22 20:12:31,793:INFO:XGBRegressor(base_score=None, booster='gbtree', callbacks=None,
             colsample_bylevel=None, colsample_bynode=None,
             colsample_bytree=None, early_stopping_rounds=None,
             enable_categorical=False, eval_metric=None, feature_types=None,
             gamma=None, gpu_id=None, grow_policy=None, importance_type=None,
             interaction_constraints=None, learning_rate=None, max_bin=None,
             max_cat_threshold=None, max_cat_to_onehot=None,
             max_delta_step=None, max_depth=None, max_leaves=None,
             min_child_weight=None, missing=nan, monotone_constraints=None,
             n_estimators=100, n_jobs=-1, num_parallel_tree=None,
             objective='reg:squarederror', predictor=None, ...)
2023-03-22 20:12:31,794:INFO:create_model() succesfully completed......................................
2023-03-22 20:12:31,916:INFO:SubProcess create_model() end ==================================
2023-03-22 20:12:31,917:INFO:Creating metrics dataframe
2023-03-22 20:12:31,940:INFO:Initializing Light Gradient Boosting Machine
2023-03-22 20:12:31,940:INFO:Total runtime is 1.2925336639086407 minutes
2023-03-22 20:12:31,953:INFO:SubProcess create_model() called ==================================
2023-03-22 20:12:31,954:INFO:Initializing create_model()
2023-03-22 20:12:31,954:INFO:create_model(estimator=lightgbm, fold=KFold(n_splits=10, random_state=None, shuffle=False), round=4, cross_validation=True, predict=True, fit_kwargs={}, groups=None, refit=False, verbose=False, system=False, metrics=None, experiment_custom_tags=None, add_to_model_list=True, probability_threshold=None, display=<pycaret.internal.Display.Display object at 0x7fdcd068e130>, return_train_score=False, kwargs={})
2023-03-22 20:12:31,954:INFO:Checking exceptions
2023-03-22 20:12:31,954:INFO:Importing libraries
2023-03-22 20:12:31,954:INFO:Copying training dataset
2023-03-22 20:12:31,959:INFO:Defining folds
2023-03-22 20:12:31,959:INFO:Declaring metric variables
2023-03-22 20:12:31,970:INFO:Importing untrained model
2023-03-22 20:12:31,981:INFO:Light Gradient Boosting Machine Imported succesfully
2023-03-22 20:12:32,009:INFO:Starting cross validation
2023-03-22 20:12:32,010:INFO:Cross validating with KFold(n_splits=10, random_state=None, shuffle=False), n_jobs=-1
2023-03-22 20:12:34,137:INFO:Calculating mean and std
2023-03-22 20:12:34,139:INFO:Creating metrics dataframe
2023-03-22 20:12:34,146:INFO:Uploading results into container
2023-03-22 20:12:34,146:INFO:Uploading model into container now
2023-03-22 20:12:34,146:INFO:create_model_container: 18
2023-03-22 20:12:34,147:INFO:master_model_container: 18
2023-03-22 20:12:34,147:INFO:display_container: 2
2023-03-22 20:12:34,148:INFO:LGBMRegressor(boosting_type='gbdt', class_weight=None, colsample_bytree=1.0,
              importance_type='split', learning_rate=0.1, max_depth=-1,
              min_child_samples=20, min_child_weight=0.001, min_split_gain=0.0,
              n_estimators=100, n_jobs=-1, num_leaves=31, objective=None,
              random_state=5476, reg_alpha=0.0, reg_lambda=0.0, silent='warn',
              subsample=1.0, subsample_for_bin=200000, subsample_freq=0)
2023-03-22 20:12:34,148:INFO:create_model() succesfully completed......................................
2023-03-22 20:12:34,287:INFO:SubProcess create_model() end ==================================
2023-03-22 20:12:34,288:INFO:Creating metrics dataframe
2023-03-22 20:12:34,314:INFO:Initializing CatBoost Regressor
2023-03-22 20:12:34,314:INFO:Total runtime is 1.3321033120155337 minutes
2023-03-22 20:12:34,330:INFO:SubProcess create_model() called ==================================
2023-03-22 20:12:34,331:INFO:Initializing create_model()
2023-03-22 20:12:34,331:INFO:create_model(estimator=catboost, fold=KFold(n_splits=10, random_state=None, shuffle=False), round=4, cross_validation=True, predict=True, fit_kwargs={}, groups=None, refit=False, verbose=False, system=False, metrics=None, experiment_custom_tags=None, add_to_model_list=True, probability_threshold=None, display=<pycaret.internal.Display.Display object at 0x7fdcd068e130>, return_train_score=False, kwargs={})
2023-03-22 20:12:34,331:INFO:Checking exceptions
2023-03-22 20:12:34,331:INFO:Importing libraries
2023-03-22 20:12:34,331:INFO:Copying training dataset
2023-03-22 20:12:34,336:INFO:Defining folds
2023-03-22 20:12:34,337:INFO:Declaring metric variables
2023-03-22 20:12:34,348:INFO:Importing untrained model
2023-03-22 20:12:34,363:INFO:CatBoost Regressor Imported succesfully
2023-03-22 20:12:34,387:INFO:Starting cross validation
2023-03-22 20:12:34,391:INFO:Cross validating with KFold(n_splits=10, random_state=None, shuffle=False), n_jobs=-1
2023-03-22 20:12:45,730:INFO:Calculating mean and std
2023-03-22 20:12:45,732:INFO:Creating metrics dataframe
2023-03-22 20:12:45,740:INFO:Uploading results into container
2023-03-22 20:12:45,740:INFO:Uploading model into container now
2023-03-22 20:12:45,741:INFO:create_model_container: 19
2023-03-22 20:12:45,741:INFO:master_model_container: 19
2023-03-22 20:12:45,741:INFO:display_container: 2
2023-03-22 20:12:45,742:INFO:<catboost.core.CatBoostRegressor object at 0x7fdcd36f89a0>
2023-03-22 20:12:45,742:INFO:create_model() succesfully completed......................................
2023-03-22 20:12:45,880:INFO:SubProcess create_model() end ==================================
2023-03-22 20:12:45,880:INFO:Creating metrics dataframe
2023-03-22 20:12:45,904:INFO:Initializing Dummy Regressor
2023-03-22 20:12:45,904:INFO:Total runtime is 1.5252705295880638 minutes
2023-03-22 20:12:45,922:INFO:SubProcess create_model() called ==================================
2023-03-22 20:12:45,922:INFO:Initializing create_model()
2023-03-22 20:12:45,923:INFO:create_model(estimator=dummy, fold=KFold(n_splits=10, random_state=None, shuffle=False), round=4, cross_validation=True, predict=True, fit_kwargs={}, groups=None, refit=False, verbose=False, system=False, metrics=None, experiment_custom_tags=None, add_to_model_list=True, probability_threshold=None, display=<pycaret.internal.Display.Display object at 0x7fdcd068e130>, return_train_score=False, kwargs={})
2023-03-22 20:12:45,923:INFO:Checking exceptions
2023-03-22 20:12:45,923:INFO:Importing libraries
2023-03-22 20:12:45,923:INFO:Copying training dataset
2023-03-22 20:12:45,929:INFO:Defining folds
2023-03-22 20:12:45,929:INFO:Declaring metric variables
2023-03-22 20:12:45,943:INFO:Importing untrained model
2023-03-22 20:12:45,959:INFO:Dummy Regressor Imported succesfully
2023-03-22 20:12:45,995:INFO:Starting cross validation
2023-03-22 20:12:45,996:INFO:Cross validating with KFold(n_splits=10, random_state=None, shuffle=False), n_jobs=-1
2023-03-22 20:12:46,262:INFO:Calculating mean and std
2023-03-22 20:12:46,264:INFO:Creating metrics dataframe
2023-03-22 20:12:46,271:INFO:Uploading results into container
2023-03-22 20:12:46,271:INFO:Uploading model into container now
2023-03-22 20:12:46,271:INFO:create_model_container: 20
2023-03-22 20:12:46,271:INFO:master_model_container: 20
2023-03-22 20:12:46,271:INFO:display_container: 2
2023-03-22 20:12:46,271:INFO:DummyRegressor(constant=None, quantile=None, strategy='mean')
2023-03-22 20:12:46,272:INFO:create_model() succesfully completed......................................
2023-03-22 20:12:46,391:INFO:SubProcess create_model() end ==================================
2023-03-22 20:12:46,392:INFO:Creating metrics dataframe
2023-03-22 20:12:46,452:INFO:Initializing create_model()
2023-03-22 20:12:46,453:INFO:create_model(estimator=<catboost.core.CatBoostRegressor object at 0x7fdcd36f89a0>, fold=KFold(n_splits=10, random_state=None, shuffle=False), round=4, cross_validation=False, predict=False, fit_kwargs={}, groups=None, refit=True, verbose=False, system=False, metrics=None, experiment_custom_tags=None, add_to_model_list=True, probability_threshold=None, display=None, return_train_score=False, kwargs={})
2023-03-22 20:12:46,453:INFO:Checking exceptions
2023-03-22 20:12:46,453:INFO:Importing libraries
2023-03-22 20:12:46,453:INFO:Copying training dataset
2023-03-22 20:12:46,457:INFO:Defining folds
2023-03-22 20:12:46,457:INFO:Declaring metric variables
2023-03-22 20:12:46,457:INFO:Importing untrained model
2023-03-22 20:12:46,457:INFO:Declaring custom model
2023-03-22 20:12:46,458:INFO:CatBoost Regressor Imported succesfully
2023-03-22 20:12:46,459:INFO:Cross validation set to False
2023-03-22 20:12:46,459:INFO:Fitting Model
2023-03-22 20:12:48,444:INFO:<catboost.core.CatBoostRegressor object at 0x7fdcd3777f40>
2023-03-22 20:12:48,444:INFO:create_models() succesfully completed......................................
2023-03-22 20:12:48,605:INFO:create_model_container: 20
2023-03-22 20:12:48,605:INFO:master_model_container: 20
2023-03-22 20:12:48,606:INFO:display_container: 2
2023-03-22 20:12:48,606:INFO:<catboost.core.CatBoostRegressor object at 0x7fdcd3777f40>
2023-03-22 20:12:48,607:INFO:compare_models() succesfully completed......................................
2023-03-22 20:12:48,641:INFO:Initializing tune_model()
2023-03-22 20:12:48,642:INFO:tune_model(estimator=<catboost.core.CatBoostRegressor object at 0x7fdcd3777f40>, fold=5, round=4, n_iter=10, custom_grid=None, optimize=R2, custom_scorer=None, search_library=scikit-learn, search_algorithm=None, early_stopping=False, early_stopping_max_iters=10, choose_better=False, fit_kwargs=None, groups=None, return_tuner=False, verbose=True, tuner_verbose=True, display=None, return_train_score=False, kwargs={})
2023-03-22 20:12:48,642:INFO:Checking exceptions
2023-03-22 20:12:48,643:INFO:Preparing display monitor
2023-03-22 20:12:48,668:INFO:Copying training dataset
2023-03-22 20:12:48,671:INFO:Checking base model
2023-03-22 20:12:48,671:INFO:Base model : CatBoost Regressor
2023-03-22 20:12:48,683:INFO:Declaring metric variables
2023-03-22 20:12:48,694:INFO:Defining Hyperparameters
2023-03-22 20:12:48,811:INFO:Tuning with n_jobs=-1
2023-03-22 20:12:48,811:INFO:Initializing RandomizedSearchCV
2023-03-22 20:12:54,360:INFO:best_params: {'actual_estimator__random_strength': 0.2, 'actual_estimator__n_estimators': 90, 'actual_estimator__l2_leaf_reg': 20, 'actual_estimator__eta': 0.4, 'actual_estimator__depth': 7}
2023-03-22 20:12:54,361:INFO:Hyperparameter search completed
2023-03-22 20:12:54,361:INFO:SubProcess create_model() called ==================================
2023-03-22 20:12:54,362:INFO:Initializing create_model()
2023-03-22 20:12:54,362:INFO:create_model(estimator=<catboost.core.CatBoostRegressor object at 0x7fdcd41429d0>, fold=KFold(n_splits=5, random_state=None, shuffle=False), round=4, cross_validation=True, predict=True, fit_kwargs={}, groups=None, refit=True, verbose=True, system=False, metrics=None, experiment_custom_tags=None, add_to_model_list=True, probability_threshold=None, display=<pycaret.internal.Display.Display object at 0x7fdcd36e2970>, return_train_score=False, kwargs={'random_strength': 0.2, 'n_estimators': 90, 'l2_leaf_reg': 20, 'eta': 0.4, 'depth': 7})
2023-03-22 20:12:54,362:INFO:Checking exceptions
2023-03-22 20:12:54,362:INFO:Importing libraries
2023-03-22 20:12:54,362:INFO:Copying training dataset
2023-03-22 20:12:54,368:INFO:Defining folds
2023-03-22 20:12:54,369:INFO:Declaring metric variables
2023-03-22 20:12:54,382:INFO:Importing untrained model
2023-03-22 20:12:54,382:INFO:Declaring custom model
2023-03-22 20:12:54,399:INFO:CatBoost Regressor Imported succesfully
2023-03-22 20:12:54,433:INFO:Starting cross validation
2023-03-22 20:12:54,434:INFO:Cross validating with KFold(n_splits=5, random_state=None, shuffle=False), n_jobs=-1
2023-03-22 20:12:55,648:INFO:Calculating mean and std
2023-03-22 20:12:55,650:INFO:Creating metrics dataframe
2023-03-22 20:12:55,666:INFO:Finalizing model
2023-03-22 20:12:56,158:INFO:Uploading results into container
2023-03-22 20:12:56,158:INFO:Uploading model into container now
2023-03-22 20:12:56,158:INFO:create_model_container: 21
2023-03-22 20:12:56,158:INFO:master_model_container: 21
2023-03-22 20:12:56,158:INFO:display_container: 3
2023-03-22 20:12:56,159:INFO:<catboost.core.CatBoostRegressor object at 0x7fdcd36326a0>
2023-03-22 20:12:56,159:INFO:create_model() succesfully completed......................................
2023-03-22 20:12:56,299:INFO:SubProcess create_model() end ==================================
2023-03-22 20:12:56,309:INFO:create_model_container: 21
2023-03-22 20:12:56,309:INFO:master_model_container: 21
2023-03-22 20:12:56,310:INFO:display_container: 3
2023-03-22 20:12:56,310:INFO:<catboost.core.CatBoostRegressor object at 0x7fdcd36326a0>
2023-03-22 20:12:56,310:INFO:tune_model() succesfully completed......................................
2023-03-22 20:12:56,423:INFO:Initializing predict_model()
2023-03-22 20:12:56,423:INFO:predict_model(estimator=<catboost.core.CatBoostRegressor object at 0x7fdcd36326a0>, probability_threshold=None, encoded_labels=True, drift_report=False, raw_score=False, round=4, verbose=True, ml_usecase=MLUsecase.REGRESSION, display=None, drift_kwargs=None)
2023-03-22 20:12:56,424:INFO:Checking exceptions
2023-03-22 20:12:56,424:INFO:Preloading libraries
2023-03-22 20:12:56,424:INFO:Preparing display monitor
2023-03-22 20:12:56,765:INFO:Initializing create_model()
2023-03-22 20:12:56,765:INFO:create_model(estimator=rf, fold=5, round=4, cross_validation=True, predict=True, fit_kwargs=None, groups=None, refit=True, verbose=True, system=True, metrics=None, experiment_custom_tags=None, add_to_model_list=True, probability_threshold=None, display=None, return_train_score=False, kwargs={})
2023-03-22 20:12:56,766:INFO:Checking exceptions
2023-03-22 20:12:56,767:INFO:Preparing display monitor
2023-03-22 20:12:56,792:INFO:Importing libraries
2023-03-22 20:12:56,793:INFO:Copying training dataset
2023-03-22 20:12:56,798:INFO:Defining folds
2023-03-22 20:12:56,799:INFO:Declaring metric variables
2023-03-22 20:12:56,810:INFO:Importing untrained model
2023-03-22 20:12:56,823:INFO:Random Forest Regressor Imported succesfully
2023-03-22 20:12:56,855:INFO:Starting cross validation
2023-03-22 20:12:56,857:INFO:Cross validating with KFold(n_splits=5, random_state=None, shuffle=False), n_jobs=-1
2023-03-22 20:13:06,837:INFO:Calculating mean and std
2023-03-22 20:13:06,838:INFO:Creating metrics dataframe
2023-03-22 20:13:06,855:INFO:Finalizing model
2023-03-22 20:13:09,557:INFO:Uploading results into container
2023-03-22 20:13:09,557:INFO:Uploading model into container now
2023-03-22 20:13:09,569:INFO:create_model_container: 22
2023-03-22 20:13:09,570:INFO:master_model_container: 22
2023-03-22 20:13:09,570:INFO:display_container: 5
2023-03-22 20:13:09,571:INFO:RandomForestRegressor(bootstrap=True, ccp_alpha=0.0, criterion='mse',
                      max_depth=None, max_features='auto', max_leaf_nodes=None,
                      max_samples=None, min_impurity_decrease=0.0,
                      min_impurity_split=None, min_samples_leaf=1,
                      min_samples_split=2, min_weight_fraction_leaf=0.0,
                      n_estimators=100, n_jobs=-1, oob_score=False,
                      random_state=5476, verbose=0, warm_start=False)
2023-03-22 20:13:09,571:INFO:create_model() succesfully completed......................................
2023-03-22 20:13:09,732:INFO:Initializing predict_model()
2023-03-22 20:13:09,732:INFO:predict_model(estimator=RandomForestRegressor(bootstrap=True, ccp_alpha=0.0, criterion='mse',
                      max_depth=None, max_features='auto', max_leaf_nodes=None,
                      max_samples=None, min_impurity_decrease=0.0,
                      min_impurity_split=None, min_samples_leaf=1,
                      min_samples_split=2, min_weight_fraction_leaf=0.0,
                      n_estimators=100, n_jobs=-1, oob_score=False,
                      random_state=5476, verbose=0, warm_start=False), probability_threshold=None, encoded_labels=True, drift_report=False, raw_score=False, round=4, verbose=True, ml_usecase=MLUsecase.REGRESSION, display=None, drift_kwargs=None)
2023-03-22 20:13:09,732:INFO:Checking exceptions
2023-03-22 20:13:09,733:INFO:Preloading libraries
2023-03-22 20:13:09,734:INFO:Preparing display monitor
2023-03-22 20:13:10,148:INFO:Initializing create_model()
2023-03-22 20:13:10,148:INFO:create_model(estimator=lr, fold=5, round=4, cross_validation=True, predict=True, fit_kwargs=None, groups=None, refit=True, verbose=True, system=True, metrics=None, experiment_custom_tags=None, add_to_model_list=True, probability_threshold=None, display=None, return_train_score=False, kwargs={})
2023-03-22 20:13:10,148:INFO:Checking exceptions
2023-03-22 20:13:10,149:INFO:Preparing display monitor
2023-03-22 20:13:10,185:INFO:Importing libraries
2023-03-22 20:13:10,185:INFO:Copying training dataset
2023-03-22 20:13:10,191:INFO:Defining folds
2023-03-22 20:13:10,191:INFO:Declaring metric variables
2023-03-22 20:13:10,209:INFO:Importing untrained model
2023-03-22 20:13:10,234:INFO:Linear Regression Imported succesfully
2023-03-22 20:13:10,279:INFO:Starting cross validation
2023-03-22 20:13:10,280:INFO:Cross validating with KFold(n_splits=5, random_state=None, shuffle=False), n_jobs=-1
2023-03-22 20:13:10,473:INFO:Calculating mean and std
2023-03-22 20:13:10,474:INFO:Creating metrics dataframe
2023-03-22 20:13:10,488:INFO:Finalizing model
2023-03-22 20:13:10,535:INFO:Uploading results into container
2023-03-22 20:13:10,536:INFO:Uploading model into container now
2023-03-22 20:13:10,552:INFO:create_model_container: 23
2023-03-22 20:13:10,552:INFO:master_model_container: 23
2023-03-22 20:13:10,552:INFO:display_container: 7
2023-03-22 20:13:10,552:INFO:LinearRegression(copy_X=True, fit_intercept=True, n_jobs=-1, normalize=False)
2023-03-22 20:13:10,552:INFO:create_model() succesfully completed......................................
2023-03-22 20:13:10,698:INFO:Initializing predict_model()
2023-03-22 20:13:10,699:INFO:predict_model(estimator=LinearRegression(copy_X=True, fit_intercept=True, n_jobs=-1, normalize=False), probability_threshold=None, encoded_labels=True, drift_report=False, raw_score=False, round=4, verbose=True, ml_usecase=MLUsecase.REGRESSION, display=None, drift_kwargs=None)
2023-03-22 20:13:10,701:INFO:Checking exceptions
2023-03-22 20:13:10,701:INFO:Preloading libraries
2023-03-22 20:13:10,701:INFO:Preparing display monitor
2023-03-22 20:13:11,221:INFO:Initializing plot_model()
2023-03-22 20:13:11,222:INFO:plot_model(fold=None, use_train_data=False, verbose=True, is_in_evaluate=False, display=None, display_format=None, estimator=<catboost.core.CatBoostRegressor object at 0x7fdcd36326a0>, feature_name=None, fit_kwargs=None, groups=None, label=False, plot=learning, plot_kwargs=None, save=False, scale=1, system=True)
2023-03-22 20:13:11,224:INFO:Checking exceptions
2023-03-22 20:13:11,227:INFO:Preparing display monitor
2023-03-22 20:13:11,247:INFO:Preloading libraries
2023-03-22 20:13:11,274:INFO:Copying training dataset
2023-03-22 20:13:11,284:INFO:Copying test dataset
2023-03-22 20:13:11,287:INFO:Plot type: learning
2023-03-22 20:13:11,352:INFO:Fitting Model
2023-03-22 20:13:25,578:INFO:Visual Rendered Successfully
2023-03-22 20:13:25,695:INFO:plot_model() succesfully completed......................................
2023-03-22 20:13:25,706:INFO:Initializing plot_model()
2023-03-22 20:13:25,707:INFO:plot_model(fold=None, use_train_data=False, verbose=True, is_in_evaluate=False, display=None, display_format=None, estimator=<catboost.core.CatBoostRegressor object at 0x7fdcd36326a0>, feature_name=None, fit_kwargs=None, groups=None, label=False, plot=feature, plot_kwargs=None, save=False, scale=1, system=True)
2023-03-22 20:13:25,707:INFO:Checking exceptions
2023-03-22 20:13:25,708:INFO:Preparing display monitor
2023-03-22 20:13:25,721:INFO:Preloading libraries
2023-03-22 20:13:25,724:INFO:Copying training dataset
2023-03-22 20:13:25,727:INFO:Copying test dataset
2023-03-22 20:13:25,730:INFO:Plot type: feature
2023-03-22 20:13:25,733:WARNING:No coef_ found. Trying feature_importances_
2023-03-22 20:13:26,104:INFO:Visual Rendered Successfully
2023-03-22 20:13:26,241:INFO:plot_model() succesfully completed......................................
2023-03-22 20:13:26,253:INFO:Initializing plot_model()
2023-03-22 20:13:26,253:INFO:plot_model(fold=None, use_train_data=False, verbose=True, is_in_evaluate=False, display=None, display_format=None, estimator=<catboost.core.CatBoostRegressor object at 0x7fdcd36326a0>, feature_name=None, fit_kwargs=None, groups=None, label=False, plot=residuals, plot_kwargs=None, save=False, scale=1, system=True)
2023-03-22 20:13:26,257:INFO:Checking exceptions
2023-03-22 20:13:26,258:INFO:Preparing display monitor
2023-03-22 20:13:26,267:INFO:Preloading libraries
2023-03-22 20:13:26,271:INFO:Copying training dataset
2023-03-22 20:13:26,274:INFO:Copying test dataset
2023-03-22 20:13:26,277:INFO:Plot type: residuals
2023-03-22 20:13:26,352:INFO:Fitting Model
2023-03-22 20:13:26,412:INFO:Scoring test/hold-out set
2023-03-22 20:13:27,312:INFO:Visual Rendered Successfully
2023-03-22 20:13:27,610:INFO:plot_model() succesfully completed......................................
2023-03-22 20:13:27,626:INFO:Initializing plot_model()
2023-03-22 20:13:27,626:INFO:plot_model(fold=None, use_train_data=False, verbose=True, is_in_evaluate=False, display=None, display_format=None, estimator=<catboost.core.CatBoostRegressor object at 0x7fdcd36326a0>, feature_name=None, fit_kwargs=None, groups=None, label=False, plot=error, plot_kwargs=None, save=False, scale=1, system=True)
2023-03-22 20:13:27,626:INFO:Checking exceptions
2023-03-22 20:13:27,627:INFO:Preparing display monitor
2023-03-22 20:13:27,643:INFO:Preloading libraries
2023-03-22 20:13:27,645:INFO:Copying training dataset
2023-03-22 20:13:27,647:INFO:Copying test dataset
2023-03-22 20:13:27,651:INFO:Plot type: error
2023-03-22 20:13:27,660:INFO:Fitting Model
2023-03-22 20:13:27,661:INFO:Scoring test/hold-out set
2023-03-22 20:13:28,130:INFO:Visual Rendered Successfully
2023-03-22 20:13:28,266:INFO:plot_model() succesfully completed......................................
2023-03-22 20:13:28,280:INFO:Initializing plot_model()
2023-03-22 20:13:28,281:INFO:plot_model(fold=None, use_train_data=False, verbose=True, is_in_evaluate=False, display=None, display_format=None, estimator=<catboost.core.CatBoostRegressor object at 0x7fdcd36326a0>, feature_name=None, fit_kwargs=None, groups=None, label=False, plot=vc, plot_kwargs=None, save=False, scale=1, system=True)
2023-03-22 20:13:28,282:INFO:Checking exceptions
2023-03-22 20:13:28,282:INFO:Preparing display monitor
2023-03-22 20:13:28,298:INFO:Preloading libraries
2023-03-22 20:13:28,300:INFO:Copying training dataset
2023-03-22 20:13:28,302:INFO:Copying test dataset
2023-03-22 20:13:28,310:INFO:Plot type: vc
2023-03-22 20:13:28,313:INFO:Determining param_name
2023-03-22 20:13:28,315:INFO:param_name: actual_estimator__depth
2023-03-22 20:13:28,367:INFO:Fitting Model
2023-03-22 20:13:43,884:INFO:Visual Rendered Successfully
2023-03-22 20:13:43,998:INFO:plot_model() succesfully completed......................................
