2023-03-22 15:05:01,604:WARNING:
'cuml' is a soft dependency and not included in the pycaret installation. Please run: `pip install cuml` to install.
2023-03-22 15:05:01,604:WARNING:
'cuml' is a soft dependency and not included in the pycaret installation. Please run: `pip install cuml` to install.
2023-03-22 15:05:01,604:WARNING:
'cuml' is a soft dependency and not included in the pycaret installation. Please run: `pip install cuml` to install.
2023-03-22 15:05:01,604:WARNING:
'cuml' is a soft dependency and not included in the pycaret installation. Please run: `pip install cuml` to install.
2023-03-22 15:05:02,927:WARNING:
'prophet' is a soft dependency and not included in the pycaret installation. Please run: `pip install prophet` to install.
2023-03-22 15:05:03,120:INFO:Initializing load_model()
2023-03-22 15:05:03,120:INFO:load_model(model_name=cnt_bikes, platform=None, authentication=None, verbose=True)
2023-03-22 15:17:53,055:INFO:Initializing load_model()
2023-03-22 15:17:53,056:INFO:load_model(model_name=cnt_bikes, platform=None, authentication=None, verbose=True)
2023-03-22 15:27:36,233:INFO:Initializing load_model()
2023-03-22 15:27:36,235:INFO:load_model(model_name=cnt_bikes, platform=None, authentication=None, verbose=True)
2023-03-22 15:59:55,811:INFO:Initializing load_model()
2023-03-22 15:59:55,812:INFO:load_model(model_name=cnt_bikes, platform=None, authentication=None, verbose=True)
2023-03-22 16:00:29,708:INFO:Initializing load_model()
2023-03-22 16:00:29,709:INFO:load_model(model_name=cnt_bikes, platform=None, authentication=None, verbose=True)
2023-03-22 16:01:08,795:INFO:Initializing load_model()
2023-03-22 16:01:08,796:INFO:load_model(model_name=cnt_bikes, platform=None, authentication=None, verbose=True)
2023-03-22 16:01:17,877:INFO:Initializing load_model()
2023-03-22 16:01:17,877:INFO:load_model(model_name=cnt_bikes, platform=None, authentication=None, verbose=True)
2023-03-22 16:01:51,400:INFO:Initializing load_model()
2023-03-22 16:01:51,401:INFO:load_model(model_name=cnt_bikes, platform=None, authentication=None, verbose=True)
2023-03-22 16:02:12,091:INFO:Initializing load_model()
2023-03-22 16:02:12,091:INFO:load_model(model_name=cnt_bikes, platform=None, authentication=None, verbose=True)
2023-03-22 16:03:21,424:INFO:Initializing load_model()
2023-03-22 16:03:21,426:INFO:load_model(model_name=cnt_bikes, platform=None, authentication=None, verbose=True)
2023-03-22 16:06:05,358:INFO:Initializing load_model()
2023-03-22 16:06:05,359:INFO:load_model(model_name=cnt_bikes, platform=None, authentication=None, verbose=True)
2023-03-22 16:08:01,235:INFO:Initializing load_model()
2023-03-22 16:08:01,236:INFO:load_model(model_name=cnt_bikes, platform=None, authentication=None, verbose=True)
2023-03-22 16:08:24,927:INFO:Initializing load_model()
2023-03-22 16:08:24,927:INFO:load_model(model_name=cnt_bikes, platform=None, authentication=None, verbose=True)
2023-03-22 16:09:35,974:INFO:Initializing load_model()
2023-03-22 16:09:35,975:INFO:load_model(model_name=cnt_bikes, platform=None, authentication=None, verbose=True)
2023-03-22 16:10:32,844:INFO:Initializing load_model()
2023-03-22 16:10:32,845:INFO:load_model(model_name=cnt_bikes, platform=None, authentication=None, verbose=True)
2023-03-22 16:11:19,050:INFO:Initializing load_model()
2023-03-22 16:11:19,050:INFO:load_model(model_name=cnt_bikes, platform=None, authentication=None, verbose=True)
2023-03-22 16:11:42,076:INFO:Initializing load_model()
2023-03-22 16:11:42,076:INFO:load_model(model_name=cnt_bikes, platform=None, authentication=None, verbose=True)
2023-03-22 16:13:09,211:INFO:Initializing load_model()
2023-03-22 16:13:09,212:INFO:load_model(model_name=cnt_bikes, platform=None, authentication=None, verbose=True)
2023-03-22 16:14:23,543:INFO:Initializing load_model()
2023-03-22 16:14:23,543:INFO:load_model(model_name=cnt_bikes, platform=None, authentication=None, verbose=True)
2023-03-22 16:15:33,609:INFO:Initializing load_model()
2023-03-22 16:15:33,611:INFO:load_model(model_name=cnt_bikes, platform=None, authentication=None, verbose=True)
2023-03-22 16:23:33,363:INFO:Initializing load_model()
2023-03-22 16:23:33,365:INFO:load_model(model_name=cnt_bikes, platform=None, authentication=None, verbose=True)
2023-03-22 16:25:04,726:INFO:Initializing load_model()
2023-03-22 16:25:04,727:INFO:load_model(model_name=cnt_bikes, platform=None, authentication=None, verbose=True)
2023-03-22 16:26:56,255:INFO:Initializing load_model()
2023-03-22 16:26:56,256:INFO:load_model(model_name=cnt_bikes, platform=None, authentication=None, verbose=True)
2023-03-22 16:27:39,934:INFO:Initializing load_model()
2023-03-22 16:27:39,935:INFO:load_model(model_name=cnt_bikes, platform=None, authentication=None, verbose=True)
2023-03-22 16:27:48,863:INFO:Initializing load_model()
2023-03-22 16:27:48,865:INFO:load_model(model_name=cnt_bikes, platform=None, authentication=None, verbose=True)
2023-03-22 16:31:21,960:INFO:Initializing load_model()
2023-03-22 16:31:21,961:INFO:load_model(model_name=cnt_bikes, platform=None, authentication=None, verbose=True)
2023-03-22 16:38:13,164:INFO:Initializing load_model()
2023-03-22 16:38:13,165:INFO:load_model(model_name=cnt_bikes, platform=None, authentication=None, verbose=True)
2023-03-22 16:38:37,550:INFO:Initializing load_model()
2023-03-22 16:38:37,550:INFO:load_model(model_name=cnt_bikes, platform=None, authentication=None, verbose=True)
2023-03-22 16:38:59,575:INFO:Initializing load_model()
2023-03-22 16:38:59,576:INFO:load_model(model_name=cnt_bikes, platform=None, authentication=None, verbose=True)
2023-03-22 16:39:28,708:INFO:Initializing load_model()
2023-03-22 16:39:28,708:INFO:load_model(model_name=cnt_bikes, platform=None, authentication=None, verbose=True)
2023-03-22 16:40:22,563:INFO:Initializing load_model()
2023-03-22 16:40:22,564:INFO:load_model(model_name=cnt_bikes, platform=None, authentication=None, verbose=True)
2023-03-22 16:40:34,691:INFO:Initializing load_model()
2023-03-22 16:40:34,692:INFO:load_model(model_name=cnt_bikes, platform=None, authentication=None, verbose=True)
2023-03-22 16:41:20,125:INFO:Initializing load_model()
2023-03-22 16:41:20,126:INFO:load_model(model_name=cnt_bikes, platform=None, authentication=None, verbose=True)
2023-03-22 16:41:32,684:INFO:Initializing load_model()
2023-03-22 16:41:32,684:INFO:load_model(model_name=cnt_bikes, platform=None, authentication=None, verbose=True)
2023-03-22 16:44:33,102:INFO:Initializing load_model()
2023-03-22 16:44:33,102:INFO:load_model(model_name=cnt_bikes, platform=None, authentication=None, verbose=True)
2023-03-22 16:47:13,788:INFO:Initializing load_model()
2023-03-22 16:47:13,789:INFO:load_model(model_name=cnt_bikes, platform=None, authentication=None, verbose=True)
2023-03-22 16:47:29,583:INFO:Initializing load_model()
2023-03-22 16:47:29,583:INFO:load_model(model_name=cnt_bikes, platform=None, authentication=None, verbose=True)
2023-03-22 16:50:26,821:INFO:Initializing load_model()
2023-03-22 16:50:26,821:INFO:load_model(model_name=cnt_bikes, platform=None, authentication=None, verbose=True)
2023-03-22 16:53:28,723:INFO:Initializing load_model()
2023-03-22 16:53:28,725:INFO:load_model(model_name=cnt_bikes, platform=None, authentication=None, verbose=True)
2023-03-22 16:53:42,799:INFO:Initializing load_model()
2023-03-22 16:53:42,800:INFO:load_model(model_name=cnt_bikes, platform=None, authentication=None, verbose=True)
2023-03-22 16:58:22,316:INFO:Initializing load_model()
2023-03-22 16:58:22,317:INFO:load_model(model_name=cnt_bikes, platform=None, authentication=None, verbose=True)
2023-03-22 16:58:32,300:INFO:Initializing load_model()
2023-03-22 16:58:32,300:INFO:load_model(model_name=cnt_bikes, platform=None, authentication=None, verbose=True)
2023-03-22 17:53:55,255:INFO:Initializing load_model()
2023-03-22 17:53:55,260:INFO:load_model(model_name=cnt_bikes, platform=None, authentication=None, verbose=True)
2023-03-22 17:54:15,802:INFO:Initializing load_model()
2023-03-22 17:54:15,802:INFO:load_model(model_name=cnt_bikes, platform=None, authentication=None, verbose=True)
2023-03-22 17:55:32,150:INFO:Initializing load_model()
2023-03-22 17:55:32,152:INFO:load_model(model_name=cnt_bikes, platform=None, authentication=None, verbose=True)
2023-03-22 17:55:40,510:INFO:Initializing load_model()
2023-03-22 17:55:40,511:INFO:load_model(model_name=cnt_bikes, platform=None, authentication=None, verbose=True)
2023-03-22 17:56:13,314:INFO:Initializing load_model()
2023-03-22 17:56:13,316:INFO:load_model(model_name=cnt_bikes, platform=None, authentication=None, verbose=True)
2023-03-22 17:56:54,907:INFO:Initializing load_model()
2023-03-22 17:56:54,909:INFO:load_model(model_name=cnt_bikes, platform=None, authentication=None, verbose=True)
2023-03-22 17:57:50,904:INFO:Initializing load_model()
2023-03-22 17:57:50,907:INFO:load_model(model_name=cnt_bikes, platform=None, authentication=None, verbose=True)
2023-03-22 18:06:09,077:INFO:Initializing load_model()
2023-03-22 18:06:09,078:INFO:load_model(model_name=cnt_bikes, platform=None, authentication=None, verbose=True)
2023-03-22 18:06:23,024:INFO:Initializing load_model()
2023-03-22 18:06:23,024:INFO:load_model(model_name=cnt_bikes, platform=None, authentication=None, verbose=True)
2023-03-22 18:07:40,201:INFO:Initializing load_model()
2023-03-22 18:07:40,202:INFO:load_model(model_name=cnt_bikes, platform=None, authentication=None, verbose=True)
2023-03-22 18:08:00,797:INFO:Initializing load_model()
2023-03-22 18:08:00,798:INFO:load_model(model_name=cnt_bikes, platform=None, authentication=None, verbose=True)
2023-03-22 18:08:06,802:INFO:Initializing load_model()
2023-03-22 18:08:06,803:INFO:load_model(model_name=cnt_bikes, platform=None, authentication=None, verbose=True)
2023-03-22 18:09:06,931:INFO:Initializing load_model()
2023-03-22 18:09:06,932:INFO:load_model(model_name=cnt_bikes, platform=None, authentication=None, verbose=True)
2023-03-22 18:13:26,396:INFO:Initializing load_model()
2023-03-22 18:13:26,397:INFO:load_model(model_name=cnt_bikes, platform=None, authentication=None, verbose=True)
2023-03-22 18:13:40,488:INFO:Initializing load_model()
2023-03-22 18:13:40,489:INFO:load_model(model_name=cnt_bikes, platform=None, authentication=None, verbose=True)
2023-03-22 18:16:38,427:INFO:Initializing load_model()
2023-03-22 18:16:38,429:INFO:load_model(model_name=cnt_bikes, platform=None, authentication=None, verbose=True)
2023-03-22 18:20:57,462:INFO:Initializing load_model()
2023-03-22 18:20:57,466:INFO:load_model(model_name=cnt_bikes, platform=None, authentication=None, verbose=True)
2023-03-22 18:21:46,643:INFO:Initializing load_model()
2023-03-22 18:21:46,643:INFO:load_model(model_name=cnt_bikes, platform=None, authentication=None, verbose=True)
2023-03-22 18:34:34,283:INFO:Initializing load_model()
2023-03-22 18:34:34,284:INFO:load_model(model_name=cnt_bikes, platform=None, authentication=None, verbose=True)
2023-03-22 18:38:12,372:INFO:Initializing load_model()
2023-03-22 18:38:12,374:INFO:load_model(model_name=cnt_bikes, platform=None, authentication=None, verbose=True)
2023-03-22 18:44:29,241:INFO:Initializing load_model()
2023-03-22 18:44:29,242:INFO:load_model(model_name=cnt_bikes, platform=None, authentication=None, verbose=True)
2023-03-22 18:44:53,419:INFO:Initializing load_model()
2023-03-22 18:44:53,420:INFO:load_model(model_name=cnt_bikes, platform=None, authentication=None, verbose=True)
2023-03-22 18:45:23,803:INFO:Initializing load_model()
2023-03-22 18:45:23,804:INFO:load_model(model_name=cnt_bikes, platform=None, authentication=None, verbose=True)
2023-03-22 18:45:56,332:INFO:Initializing load_model()
2023-03-22 18:45:56,333:INFO:load_model(model_name=cnt_bikes, platform=None, authentication=None, verbose=True)
2023-03-22 18:52:57,662:INFO:Initializing load_model()
2023-03-22 18:52:57,666:INFO:load_model(model_name=cnt_bikes, platform=None, authentication=None, verbose=True)
2023-03-22 18:55:23,556:INFO:Initializing load_model()
2023-03-22 18:55:23,557:INFO:load_model(model_name=cnt_bikes, platform=None, authentication=None, verbose=True)
2023-03-22 18:56:16,666:INFO:Initializing load_model()
2023-03-22 18:56:16,667:INFO:load_model(model_name=cnt_bikes, platform=None, authentication=None, verbose=True)
2023-03-22 18:57:46,129:INFO:Initializing load_model()
2023-03-22 18:57:46,132:INFO:load_model(model_name=cnt_bikes, platform=None, authentication=None, verbose=True)
2023-03-22 19:09:19,364:INFO:Initializing load_model()
2023-03-22 19:09:19,368:INFO:load_model(model_name=cnt_bikes, platform=None, authentication=None, verbose=True)
2023-03-22 19:10:13,816:INFO:Initializing load_model()
2023-03-22 19:10:13,816:INFO:load_model(model_name=cnt_bikes, platform=None, authentication=None, verbose=True)
2023-03-22 20:00:08,017:WARNING:
'cuml' is a soft dependency and not included in the pycaret installation. Please run: `pip install cuml` to install.
2023-03-22 20:00:08,017:WARNING:
'cuml' is a soft dependency and not included in the pycaret installation. Please run: `pip install cuml` to install.
2023-03-22 20:00:08,017:WARNING:
'cuml' is a soft dependency and not included in the pycaret installation. Please run: `pip install cuml` to install.
2023-03-22 20:00:08,017:WARNING:
'cuml' is a soft dependency and not included in the pycaret installation. Please run: `pip install cuml` to install.
2023-03-22 20:00:09,355:WARNING:
'prophet' is a soft dependency and not included in the pycaret installation. Please run: `pip install prophet` to install.
2023-03-22 20:00:10,119:INFO:Initializing load_model()
2023-03-22 20:00:10,119:INFO:load_model(model_name=cnt_bikes, platform=None, authentication=None, verbose=True)
